<?xml version="1.0" encoding="UTF-8" standalone="yes"?><!DOCTYPE report PUBLIC "-//JACOCO//DTD Report 1.1//EN" "report.dtd"><report name="progettoids_giuseppedemarco"><sessioninfo id="GiussComputer-93208e4c" start="1774206255786" dump="1774206256772"/><sessioninfo id="GiussComputer-643d1061" start="1774206313794" dump="1774206314733"/><sessioninfo id="GiussComputer-472bdf0" start="1774206509718" dump="1774206510916"/><sessioninfo id="GiussComputer-eb56ecdd" start="1774206516443" dump="1774206517701"/><package name="com/progettoids_giuseppedemarco/ui"><class name="com/progettoids_giuseppedemarco/ui/FilmLibraryApp" sourcefilename="FilmLibraryApp.java"><method name="&lt;init&gt;" desc="()V" line="25"><counter type="INSTRUCTION" missed="0" covered="16"/><counter type="LINE" missed="0" covered="3"/><counter type="COMPLEXITY" missed="0" covered="1"/><counter type="METHOD" missed="0" covered="1"/></method><method name="launchApp" desc="([Ljava/lang/String;)V" line="32"><counter type="INSTRUCTION" missed="3" covered="0"/><counter type="LINE" missed="2" covered="0"/><counter type="COMPLEXITY" missed="1" covered="0"/><counter type="METHOD" missed="1" covered="0"/></method><method name="start" desc="(Ljavafx/stage/Stage;)V" line="37"><counter type="INSTRUCTION" missed="99" covered="0"/><counter type="LINE" missed="21" covered="0"/><counter type="COMPLEXITY" missed="1" covered="0"/><counter type="METHOD" missed="1" covered="0"/></method><method name="loadLocalLibrary" desc="(Ljavafx/stage/Stage;)V" line="65"><counter type="INSTRUCTION" missed="67" covered="0"/><counter type="BRANCH" missed="4" covered="0"/><counter type="LINE" missed="16" covered="0"/><counter type="COMPLEXITY" missed="3" covered="0"/><counter type="METHOD" missed="1" covered="0"/></method><method name="loadFromDatabase" desc="(Ljavafx/stage/Stage;)V" line="90"><counter type="INSTRUCTION" missed="34" covered="0"/><counter type="LINE" missed="9" covered="0"/><counter type="COMPLEXITY" missed="1" covered="0"/><counter type="METHOD" missed="1" covered="0"/></method><method name="createTextFileChooser" desc="(Ljava/lang/String;)Ljavafx/stage/FileChooser;" line="102"><counter type="INSTRUCTION" missed="23" covered="0"/><counter type="LINE" missed="4" covered="0"/><counter type="COMPLEXITY" missed="1" covered="0"/><counter type="METHOD" missed="1" covered="0"/></method><method name="applyCurrentFileLocation" desc="(Ljavafx/stage/FileChooser;)V" line="109"><counter type="INSTRUCTION" missed="20" covered="0"/><counter type="BRANCH" missed="6" covered="0"/><counter type="LINE" missed="6" covered="0"/><counter type="COMPLEXITY" missed="4" covered="0"/><counter type="METHOD" missed="1" covered="0"/></method><method name="showAlert" desc="(Ljavafx/scene/control/Alert$AlertType;Ljava/lang/String;Ljava/lang/String;)V" line="120"><counter type="INSTRUCTION" missed="18" covered="0"/><counter type="LINE" missed="6" covered="0"/><counter type="COMPLEXITY" missed="1" covered="0"/><counter type="METHOD" missed="1" covered="0"/></method><method name="buildDetailedMessage" desc="(Ljava/lang/Throwable;)Ljava/lang/String;" line="128"><counter type="INSTRUCTION" missed="3" covered="50"/><counter type="BRANCH" missed="4" covered="10"/><counter type="LINE" missed="1" covered="12"/><counter type="COMPLEXITY" missed="4" covered="4"/><counter type="METHOD" missed="0" covered="1"/></method><method name="lambda$0" desc="(Ljavafx/stage/Stage;Ljavafx/event/ActionEvent;)V" line="44"><counter type="INSTRUCTION" missed="4" covered="0"/><counter type="LINE" missed="1" covered="0"/><counter type="COMPLEXITY" missed="1" covered="0"/><counter type="METHOD" missed="1" covered="0"/></method><method name="lambda$1" desc="(Ljavafx/stage/Stage;Ljavafx/event/ActionEvent;)V" line="48"><counter type="INSTRUCTION" missed="4" covered="0"/><counter type="LINE" missed="1" covered="0"/><counter type="COMPLEXITY" missed="1" covered="0"/><counter type="METHOD" missed="1" covered="0"/></method><counter type="INSTRUCTION" missed="275" covered="66"/><counter type="BRANCH" missed="14" covered="10"/><counter type="LINE" missed="65" covered="15"/><counter type="COMPLEXITY" missed="18" covered="5"/><counter type="METHOD" missed="9" covered="2"/><counter type="CLASS" missed="0" covered="1"/></class><class name="com/progettoids_giuseppedemarco/ui/FilmLibraryDashboard" sourcefilename="FilmLibraryDashboard.java"><method name="&lt;init&gt;" desc="(Lcom/progettoids_giuseppedemarco/service/FilmLibraryService;Lcom/progettoids_giuseppedemarco/infrastructure/NoteFilmStorage;Ljava/nio/file/Path;)V" line="28"><counter type="INSTRUCTION" missed="78" covered="0"/><counter type="LINE" missed="23" covered="0"/><counter type="COMPLEXITY" missed="1" covered="0"/><counter type="METHOD" missed="1" covered="0"/></method><method name="open" desc="(Lcom/progettoids_giuseppedemarco/service/FilmLibraryService;Lcom/progettoids_giuseppedemarco/infrastructure/NoteFilmStorage;Ljava/nio/file/Path;)V" line="61"><counter type="INSTRUCTION" missed="6" covered="0"/><counter type="LINE" missed="2" covered="0"/><counter type="COMPLEXITY" missed="1" covered="0"/><counter type="METHOD" missed="1" covered="0"/></method><method name="buildToolbar" desc="()Ljavax/swing/JPanel;" line="68"><counter type="INSTRUCTION" missed="46" covered="0"/><counter type="BRANCH" missed="2" covered="0"/><counter type="LINE" missed="7" covered="0"/><counter type="COMPLEXITY" missed="2" covered="0"/><counter type="METHOD" missed="1" covered="0"/></method><method name="buildCenterContent" desc="()Ljavax/swing/JScrollPane;" line="81"><counter type="INSTRUCTION" missed="32" covered="0"/><counter type="LINE" missed="7" covered="0"/><counter type="COMPLEXITY" missed="1" covered="0"/><counter type="METHOD" missed="1" covered="0"/></method><method name="buildFooter" desc="()Ljavax/swing/JPanel;" line="92"><counter type="INSTRUCTION" missed="21" covered="0"/><counter type="LINE" missed="4" covered="0"/><counter type="COMPLEXITY" missed="1" covered="0"/><counter type="METHOD" missed="1" covered="0"/></method><method name="setDisplayedFilms" desc="(Ljava/util/List;)V" line="99"><counter type="INSTRUCTION" missed="9" covered="0"/><counter type="LINE" missed="3" covered="0"/><counter type="COMPLEXITY" missed="1" covered="0"/><counter type="METHOD" missed="1" covered="0"/></method><method name="setFeedback" desc="(Ljava/lang/String;)V" line="104"><counter type="INSTRUCTION" missed="5" covered="0"/><counter type="LINE" missed="2" covered="0"/><counter type="COMPLEXITY" missed="1" covered="0"/><counter type="METHOD" missed="1" covered="0"/></method><method name="refreshFilmsPanel" desc="()V" line="108"><counter type="INSTRUCTION" missed="107" covered="0"/><counter type="BRANCH" missed="4" covered="0"/><counter type="LINE" missed="16" covered="0"/><counter type="COMPLEXITY" missed="3" covered="0"/><counter type="METHOD" missed="1" covered="0"/></method><method name="showError" desc="(Ljava/lang/String;)V" line="129"><counter type="INSTRUCTION" missed="6" covered="0"/><counter type="LINE" missed="2" covered="0"/><counter type="COMPLEXITY" missed="1" covered="0"/><counter type="METHOD" missed="1" covered="0"/></method><method name="lambda$3" desc="(Lcom/progettoids_giuseppedemarco/service/FilmLibraryService;Lcom/progettoids_giuseppedemarco/infrastructure/NoteFilmStorage;Ljava/nio/file/Path;)V" line="62"><counter type="INSTRUCTION" missed="11" covered="0"/><counter type="LINE" missed="3" covered="0"/><counter type="COMPLEXITY" missed="1" covered="0"/><counter type="METHOD" missed="1" covered="0"/></method><method name="lambda$4" desc="(Lcom/progettoids_giuseppedemarco/command/LibraryCommand;Ljava/awt/event/ActionEvent;)V" line="73"><counter type="INSTRUCTION" missed="3" covered="0"/><counter type="LINE" missed="1" covered="0"/><counter type="COMPLEXITY" missed="1" covered="0"/><counter type="METHOD" missed="1" covered="0"/></method><counter type="INSTRUCTION" missed="324" covered="0"/><counter type="BRANCH" missed="6" covered="0"/><counter type="LINE" missed="69" covered="0"/><counter type="COMPLEXITY" missed="14" covered="0"/><counter type="METHOD" missed="11" covered="0"/><counter type="CLASS" missed="1" covered="0"/></class><sourcefile name="FilmLibraryApp.java"><line nr="25" mi="0" ci="3" mb="0" cb="0"/><line nr="26" mi="0" ci="5" mb="0" cb="0"/><line nr="28" mi="0" ci="8" mb="0" cb="0"/><line nr="32" mi="2" ci="0" mb="0" cb="0"/><line nr="33" mi="1" ci="0" mb="0" cb="0"/><line nr="37" mi="5" ci="0" mb="0" cb="0"/><line nr="39" mi="5" ci="0" mb="0" cb="0"/><line nr="40" mi="3" ci="0" mb="0" cb="0"/><line nr="41" mi="3" ci="0" mb="0" cb="0"/><line nr="43" mi="5" ci="0" mb="0" cb="0"/><line nr="44" mi="9" ci="0" mb="0" cb="0"/><line nr="45" mi="3" ci="0" mb="0" cb="0"/><line nr="47" mi="5" ci="0" mb="0" cb="0"/><line nr="48" mi="9" ci="0" mb="0" cb="0"/><line nr="49" mi="3" ci="0" mb="0" cb="0"/><line nr="51" mi="23" ci="0" mb="0" cb="0"/><line nr="52" mi="3" ci="0" mb="0" cb="0"/><line nr="53" mi="6" ci="0" mb="0" cb="0"/><line nr="54" mi="3" ci="0" mb="0" cb="0"/><line nr="56" mi="7" ci="0" mb="0" cb="0"/><line nr="57" mi="3" ci="0" mb="0" cb="0"/><line nr="58" mi="3" ci="0" mb="0" cb="0"/><line nr="59" mi="3" ci="0" mb="0" cb="0"/><line nr="60" mi="3" ci="0" mb="0" cb="0"/><line nr="61" mi="2" ci="0" mb="0" cb="0"/><line nr="62" mi="1" ci="0" mb="0" cb="0"/><line nr="65" mi="4" ci="0" mb="0" cb="0"/><line nr="66" mi="3" ci="0" mb="0" cb="0"/><line nr="67" mi="4" ci="0" mb="0" cb="0"/><line nr="68" mi="2" ci="0" mb="2" cb="0"/><line nr="69" mi="1" ci="0" mb="0" cb="0"/><line nr="73" mi="6" ci="0" mb="0" cb="0"/><line nr="74" mi="4" ci="0" mb="0" cb="0"/><line nr="75" mi="11" ci="0" mb="2" cb="0"/><line nr="76" mi="4" ci="0" mb="0" cb="0"/><line nr="79" mi="6" ci="0" mb="0" cb="0"/><line nr="80" mi="4" ci="0" mb="0" cb="0"/><line nr="81" mi="7" ci="0" mb="0" cb="0"/><line nr="82" mi="2" ci="0" mb="0" cb="0"/><line nr="83" mi="2" ci="0" mb="0" cb="0"/><line nr="84" mi="6" ci="0" mb="0" cb="0"/><line nr="86" mi="1" ci="0" mb="0" cb="0"/><line nr="90" mi="4" ci="0" mb="0" cb="0"/><line nr="91" mi="3" ci="0" mb="0" cb="0"/><line nr="92" mi="6" ci="0" mb="0" cb="0"/><line nr="93" mi="3" ci="0" mb="0" cb="0"/><line nr="94" mi="6" ci="0" mb="0" cb="0"/><line nr="95" mi="2" ci="0" mb="0" cb="0"/><line nr="96" mi="2" ci="0" mb="0" cb="0"/><line nr="97" mi="7" ci="0" mb="0" cb="0"/><line nr="99" mi="1" ci="0" mb="0" cb="0"/><line nr="102" mi="4" ci="0" mb="0" cb="0"/><line nr="103" mi="3" ci="0" mb="0" cb="0"/><line nr="104" mi="14" ci="0" mb="0" cb="0"/><line nr="105" mi="2" ci="0" mb="0" cb="0"/><line nr="109" mi="3" ci="0" mb="2" cb="0"/><line nr="110" mi="1" ci="0" mb="0" cb="0"/><line nr="113" mi="5" ci="0" mb="0" cb="0"/><line nr="114" mi="6" ci="0" mb="4" cb="0"/><line nr="115" mi="4" ci="0" mb="0" cb="0"/><line nr="117" mi="1" ci="0" mb="0" cb="0"/><line nr="120" mi="5" ci="0" mb="0" cb="0"/><line nr="121" mi="3" ci="0" mb="0" cb="0"/><line nr="122" mi="3" ci="0" mb="0" cb="0"/><line nr="123" mi="3" ci="0" mb="0" cb="0"/><line nr="124" mi="3" ci="0" mb="0" cb="0"/><line nr="125" mi="1" ci="0" mb="0" cb="0"/><line nr="128" mi="0" ci="4" mb="0" cb="0"/><line nr="129" mi="0" ci="7" mb="1" cb="3"/><line nr="130" mi="0" ci="5" mb="0" cb="0"/><line nr="133" mi="0" ci="3" mb="0" cb="0"/><line nr="134" mi="0" ci="3" mb="0" cb="2"/><line nr="135" mi="0" ci="3" mb="0" cb="0"/><line nr="136" mi="0" ci="5" mb="2" cb="2"/><line nr="137" mi="0" ci="3" mb="1" cb="1"/><line nr="138" mi="0" ci="4" mb="0" cb="0"/><line nr="140" mi="0" ci="4" mb="0" cb="0"/><line nr="141" mi="0" ci="1" mb="0" cb="0"/><line nr="143" mi="3" ci="0" mb="0" cb="0"/><line nr="146" mi="0" ci="8" mb="0" cb="2"/><counter type="INSTRUCTION" missed="275" covered="66"/><counter type="BRANCH" missed="14" covered="10"/><counter type="LINE" missed="65" covered="15"/><counter type="COMPLEXITY" missed="18" covered="5"/><counter type="METHOD" missed="9" covered="2"/><counter type="CLASS" missed="0" covered="1"/></sourcefile><sourcefile name="FilmLibraryDashboard.java"><line nr="28" mi="5" ci="0" mb="0" cb="0"/><line nr="29" mi="6" ci="0" mb="0" cb="0"/><line nr="34" mi="2" ci="0" mb="0" cb="0"/><line nr="35" mi="7" ci="0" mb="0" cb="0"/><line nr="36" mi="4" ci="0" mb="0" cb="0"/><line nr="37" mi="1" ci="0" mb="0" cb="0"/><line nr="38" mi="1" ci="0" mb="0" cb="0"/><line nr="39" mi="1" ci="0" mb="0" cb="0"/><line nr="40" mi="1" ci="0" mb="0" cb="0"/><line nr="41" mi="2" ci="0" mb="0" cb="0"/><line nr="42" mi="2" ci="0" mb="0" cb="0"/><line nr="43" mi="3" ci="0" mb="0" cb="0"/><line nr="46" mi="3" ci="0" mb="0" cb="0"/><line nr="47" mi="3" ci="0" mb="0" cb="0"/><line nr="48" mi="7" ci="0" mb="0" cb="0"/><line nr="49" mi="7" ci="0" mb="0" cb="0"/><line nr="51" mi="5" ci="0" mb="0" cb="0"/><line nr="52" mi="5" ci="0" mb="0" cb="0"/><line nr="53" mi="5" ci="0" mb="0" cb="0"/><line nr="55" mi="2" ci="0" mb="0" cb="0"/><line nr="56" mi="3" ci="0" mb="0" cb="0"/><line nr="57" mi="2" ci="0" mb="0" cb="0"/><line nr="58" mi="1" ci="0" mb="0" cb="0"/><line nr="61" mi="5" ci="0" mb="0" cb="0"/><line nr="62" mi="7" ci="0" mb="0" cb="0"/><line nr="63" mi="3" ci="0" mb="0" cb="0"/><line nr="64" mi="1" ci="0" mb="0" cb="0"/><line nr="65" mi="1" ci="0" mb="0" cb="0"/><line nr="68" mi="10" ci="0" mb="0" cb="0"/><line nr="69" mi="7" ci="0" mb="0" cb="0"/><line nr="71" mi="13" ci="0" mb="2" cb="0"/><line nr="72" mi="6" ci="0" mb="0" cb="0"/><line nr="73" mi="7" ci="0" mb="0" cb="0"/><line nr="74" mi="4" ci="0" mb="0" cb="0"/><line nr="77" mi="2" ci="0" mb="0" cb="0"/><line nr="81" mi="4" ci="0" mb="0" cb="0"/><line nr="82" mi="4" ci="0" mb="0" cb="0"/><line nr="83" mi="4" ci="0" mb="0" cb="0"/><line nr="84" mi="8" ci="0" mb="0" cb="0"/><line nr="86" mi="6" ci="0" mb="0" cb="0"/><line nr="87" mi="4" ci="0" mb="0" cb="0"/><line nr="88" mi="2" ci="0" mb="0" cb="0"/><line nr="92" mi="7" ci="0" mb="0" cb="0"/><line nr="93" mi="7" ci="0" mb="0" cb="0"/><line nr="94" mi="5" ci="0" mb="0" cb="0"/><line nr="95" mi="2" ci="0" mb="0" cb="0"/><line nr="99" mi="6" ci="0" mb="0" cb="0"/><line nr="100" mi="2" ci="0" mb="0" cb="0"/><line nr="101" mi="1" ci="0" mb="0" cb="0"/><line nr="104" mi="4" ci="0" mb="0" cb="0"/><line nr="105" mi="1" ci="0" mb="0" cb="0"/><line nr="108" mi="4" ci="0" mb="2" cb="0"/><line nr="109" mi="4" ci="0" mb="0" cb="0"/><line nr="110" mi="4" ci="0" mb="0" cb="0"/><line nr="111" mi="1" ci="0" mb="0" cb="0"/><line nr="114" mi="4" ci="0" mb="0" cb="0"/><line nr="115" mi="12" ci="0" mb="2" cb="0"/><line nr="116" mi="9" ci="0" mb="0" cb="0"/><line nr="117" mi="9" ci="0" mb="0" cb="0"/><line nr="118" mi="10" ci="0" mb="0" cb="0"/><line nr="119" mi="9" ci="0" mb="0" cb="0"/><line nr="120" mi="10" ci="0" mb="0" cb="0"/><line nr="121" mi="11" ci="0" mb="0" cb="0"/><line nr="122" mi="9" ci="0" mb="0" cb="0"/><line nr="124" mi="6" ci="0" mb="0" cb="0"/><line nr="125" mi="4" ci="0" mb="0" cb="0"/><line nr="126" mi="1" ci="0" mb="0" cb="0"/><line nr="129" mi="5" ci="0" mb="0" cb="0"/><line nr="130" mi="1" ci="0" mb="0" cb="0"/><counter type="INSTRUCTION" missed="324" covered="0"/><counter type="BRANCH" missed="6" covered="0"/><counter type="LINE" missed="69" covered="0"/><counter type="COMPLEXITY" missed="14" covered="0"/><counter type="METHOD" missed="11" covered="0"/><counter type="CLASS" missed="1" covered="0"/></sourcefile><counter type="INSTRUCTION" missed="599" covered="66"/><counter type="BRANCH" missed="20" covered="10"/><counter type="LINE" missed="134" covered="15"/><counter type="COMPLEXITY" missed="32" covered="5"/><counter type="METHOD" missed="20" covered="2"/><counter type="CLASS" missed="1" covered="1"/></package><package name="com/progettoids_giuseppedemarco/command"><class name="com/progettoids_giuseppedemarco/command/LibraryCommand" sourcefilename="LibraryCommand.java"/><class name="com/progettoids_giuseppedemarco/command/SimpleLibraryCommand" sourcefilename="SimpleLibraryCommand.java"><method name="&lt;init&gt;" desc="(Ljava/lang/String;Ljava/lang/Runnable;)V" line="7"><counter type="INSTRUCTION" missed="0" covered="9"/><counter type="LINE" missed="0" covered="4"/><counter type="COMPLEXITY" missed="0" covered="1"/><counter type="METHOD" missed="0" covered="1"/></method><method name="getLabel" desc="()Ljava/lang/String;" line="14"><counter type="INSTRUCTION" missed="0" covered="3"/><counter type="LINE" missed="0" covered="1"/><counter type="COMPLEXITY" missed="0" covered="1"/><counter type="METHOD" missed="0" covered="1"/></method><method name="execute" desc="()V" line="19"><counter type="INSTRUCTION" missed="0" covered="4"/><counter type="LINE" missed="0" covered="2"/><counter type="COMPLEXITY" missed="0" covered="1"/><counter type="METHOD" missed="0" covered="1"/></method><counter type="INSTRUCTION" missed="0" covered="16"/><counter type="LINE" missed="0" covered="7"/><counter type="COMPLEXITY" missed="0" covered="3"/><counter type="METHOD" missed="0" covered="3"/><counter type="CLASS" missed="0" covered="1"/></class><sourcefile name="LibraryCommand.java"/><sourcefile name="SimpleLibraryCommand.java"><line nr="7" mi="0" ci="2" mb="0" cb="0"/><line nr="8" mi="0" ci="3" mb="0" cb="0"/><line nr="9" mi="0" ci="3" mb="0" cb="0"/><line nr="10" mi="0" ci="1" mb="0" cb="0"/><line nr="14" mi="0" ci="3" mb="0" cb="0"/><line nr="19" mi="0" ci="3" mb="0" cb="0"/><line nr="20" mi="0" ci="1" mb="0" cb="0"/><counter type="INSTRUCTION" missed="0" covered="16"/><counter type="LINE" missed="0" covered="7"/><counter type="COMPLEXITY" missed="0" covered="3"/><counter type="METHOD" missed="0" covered="3"/><counter type="CLASS" missed="0" covered="1"/></sourcefile><counter type="INSTRUCTION" missed="0" covered="16"/><counter type="LINE" missed="0" covered="7"/><counter type="COMPLEXITY" missed="0" covered="3"/><counter type="METHOD" missed="0" covered="3"/><counter type="CLASS" missed="0" covered="1"/></package><package name="com/progettoids_giuseppedemarco/dto"><class name="com/progettoids_giuseppedemarco/dto/UpdateGenereDto" sourcefilename="UpdateGenereDto.java"><method name="&lt;init&gt;" desc="(Ljava/lang/String;)V" line="1"><counter type="INSTRUCTION" missed="0" covered="6"/><counter type="LINE" missed="0" covered="1"/><counter type="COMPLEXITY" missed="0" covered="1"/><counter type="METHOD" missed="0" covered="1"/></method><counter type="INSTRUCTION" missed="0" covered="6"/><counter type="LINE" missed="0" covered="1"/><counter type="COMPLEXITY" missed="0" covered="1"/><counter type="METHOD" missed="0" covered="1"/><counter type="CLASS" missed="0" covered="1"/></class><class name="com/progettoids_giuseppedemarco/dto/FilmResponseDto" sourcefilename="FilmResponseDto.java"><method name="&lt;init&gt;" desc="(Ljava/lang/Integer;Ljava/lang/String;Ljava/lang/Integer;Ljava/lang/String;ILjava/lang/Integer;Ljava/lang/String;ILcom/progettoids_giuseppedemarco/domain/StatoVisione;)V" line="1"><counter type="INSTRUCTION" missed="0" covered="30"/><counter type="LINE" missed="0" covered="1"/><counter type="COMPLEXITY" missed="0" covered="1"/><counter type="METHOD" missed="0" covered="1"/></method><counter type="INSTRUCTION" missed="0" covered="30"/><counter type="LINE" missed="0" covered="1"/><counter type="COMPLEXITY" missed="0" covered="1"/><counter type="METHOD" missed="0" covered="1"/><counter type="CLASS" missed="0" covered="1"/></class><class name="com/progettoids_giuseppedemarco/dto/UpdateFilmDto" sourcefilename="UpdateFilmDto.java"><method name="&lt;init&gt;" desc="(Ljava/lang/String;Ljava/lang/Integer;ILjava/lang/Integer;ILcom/progettoids_giuseppedemarco/domain/StatoVisione;)V" line="1"><counter type="INSTRUCTION" missed="0" covered="21"/><counter type="LINE" missed="0" covered="1"/><counter type="COMPLEXITY" missed="0" covered="1"/><counter type="METHOD" missed="0" covered="1"/></method><counter type="INSTRUCTION" missed="0" covered="21"/><counter type="LINE" missed="0" covered="1"/><counter type="COMPLEXITY" missed="0" covered="1"/><counter type="METHOD" missed="0" covered="1"/><counter type="CLASS" missed="0" covered="1"/></class><class name="com/progettoids_giuseppedemarco/dto/CreateFilmDto" sourcefilename="CreateFilmDto.java"><method name="&lt;init&gt;" desc="(Ljava/lang/String;Ljava/lang/Integer;ILjava/lang/Integer;ILcom/progettoids_giuseppedemarco/domain/StatoVisione;)V" line="1"><counter type="INSTRUCTION" missed="0" covered="21"/><counter type="LINE" missed="0" covered="1"/><counter type="COMPLEXITY" missed="0" covered="1"/><counter type="METHOD" missed="0" covered="1"/></method><counter type="INSTRUCTION" missed="0" covered="21"/><counter type="LINE" missed="0" covered="1"/><counter type="COMPLEXITY" missed="0" covered="1"/><counter type="METHOD" missed="0" covered="1"/><counter type="CLASS" missed="0" covered="1"/></class><class name="com/progettoids_giuseppedemarco/dto/CreateRegistaDto" sourcefilename="CreateRegistaDto.java"><method name="&lt;init&gt;" desc="(Ljava/lang/String;Ljava/lang/String;)V" line="1"><counter type="INSTRUCTION" missed="0" covered="9"/><counter type="LINE" missed="0" covered="1"/><counter type="COMPLEXITY" missed="0" covered="1"/><counter type="METHOD" missed="0" covered="1"/></method><counter type="INSTRUCTION" missed="0" covered="9"/><counter type="LINE" missed="0" covered="1"/><counter type="COMPLEXITY" missed="0" covered="1"/><counter type="METHOD" missed="0" covered="1"/><counter type="CLASS" missed="0" covered="1"/></class><class name="com/progettoids_giuseppedemarco/dto/UpdateRegistaDto" sourcefilename="UpdateRegistaDto.java"><method name="&lt;init&gt;" desc="(Ljava/lang/String;Ljava/lang/String;)V" line="1"><counter type="INSTRUCTION" missed="0" covered="9"/><counter type="LINE" missed="0" covered="1"/><counter type="COMPLEXITY" missed="0" covered="1"/><counter type="METHOD" missed="0" covered="1"/></method><counter type="INSTRUCTION" missed="0" covered="9"/><counter type="LINE" missed="0" covered="1"/><counter type="COMPLEXITY" missed="0" covered="1"/><counter type="METHOD" missed="0" covered="1"/><counter type="CLASS" missed="0" covered="1"/></class><class name="com/progettoids_giuseppedemarco/dto/CreateGenereDto" sourcefilename="CreateGenereDto.java"><method name="&lt;init&gt;" desc="(Ljava/lang/String;)V" line="1"><counter type="INSTRUCTION" missed="0" covered="6"/><counter type="LINE" missed="0" covered="1"/><counter type="COMPLEXITY" missed="0" covered="1"/><counter type="METHOD" missed="0" covered="1"/></method><counter type="INSTRUCTION" missed="0" covered="6"/><counter type="LINE" missed="0" covered="1"/><counter type="COMPLEXITY" missed="0" covered="1"/><counter type="METHOD" missed="0" covered="1"/><counter type="CLASS" missed="0" covered="1"/></class><class name="com/progettoids_giuseppedemarco/dto/GenereResponseDto" sourcefilename="GenereResponseDto.java"><method name="&lt;init&gt;" desc="(Ljava/lang/Integer;Ljava/lang/String;)V" line="1"><counter type="INSTRUCTION" missed="0" covered="9"/><counter type="LINE" missed="0" covered="1"/><counter type="COMPLEXITY" missed="0" covered="1"/><counter type="METHOD" missed="0" covered="1"/></method><counter type="INSTRUCTION" missed="0" covered="9"/><counter type="LINE" missed="0" covered="1"/><counter type="COMPLEXITY" missed="0" covered="1"/><counter type="METHOD" missed="0" covered="1"/><counter type="CLASS" missed="0" covered="1"/></class><class name="com/progettoids_giuseppedemarco/dto/RegistaResponseDto" sourcefilename="RegistaResponseDto.java"><method name="&lt;init&gt;" desc="(Ljava/lang/Integer;Ljava/lang/String;Ljava/lang/String;Ljava/lang/String;)V" line="1"><counter type="INSTRUCTION" missed="0" covered="15"/><counter type="LINE" missed="0" covered="1"/><counter type="COMPLEXITY" missed="0" covered="1"/><counter type="METHOD" missed="0" covered="1"/></method><counter type="INSTRUCTION" missed="0" covered="15"/><counter type="LINE" missed="0" covered="1"/><counter type="COMPLEXITY" missed="0" covered="1"/><counter type="METHOD" missed="0" covered="1"/><counter type="CLASS" missed="0" covered="1"/></class><sourcefile name="CreateGenereDto.java"><line nr="1" mi="0" ci="6" mb="0" cb="0"/><counter type="INSTRUCTION" missed="0" covered="6"/><counter type="LINE" missed="0" covered="1"/><counter type="COMPLEXITY" missed="0" covered="1"/><counter type="METHOD" missed="0" covered="1"/><counter type="CLASS" missed="0" covered="1"/></sourcefile><sourcefile name="FilmResponseDto.java"><line nr="1" mi="0" ci="30" mb="0" cb="0"/><counter type="INSTRUCTION" missed="0" covered="30"/><counter type="LINE" missed="0" covered="1"/><counter type="COMPLEXITY" missed="0" covered="1"/><counter type="METHOD" missed="0" covered="1"/><counter type="CLASS" missed="0" covered="1"/></sourcefile><sourcefile name="UpdateFilmDto.java"><line nr="1" mi="0" ci="21" mb="0" cb="0"/><counter type="INSTRUCTION" missed="0" covered="21"/><counter type="LINE" missed="0" covered="1"/><counter type="COMPLEXITY" missed="0" covered="1"/><counter type="METHOD" missed="0" covered="1"/><counter type="CLASS" missed="0" covered="1"/></sourcefile><sourcefile name="UpdateRegistaDto.java"><line nr="1" mi="0" ci="9" mb="0" cb="0"/><counter type="INSTRUCTION" missed="0" covered="9"/><counter type="LINE" missed="0" covered="1"/><counter type="COMPLEXITY" missed="0" covered="1"/><counter type="METHOD" missed="0" covered="1"/><counter type="CLASS" missed="0" covered="1"/></sourcefile><sourcefile name="GenereResponseDto.java"><line nr="1" mi="0" ci="9" mb="0" cb="0"/><counter type="INSTRUCTION" missed="0" covered="9"/><counter type="LINE" missed="0" covered="1"/><counter type="COMPLEXITY" missed="0" covered="1"/><counter type="METHOD" missed="0" covered="1"/><counter type="CLASS" missed="0" covered="1"/></sourcefile><sourcefile name="UpdateGenereDto.java"><line nr="1" mi="0" ci="6" mb="0" cb="0"/><counter type="INSTRUCTION" missed="0" covered="6"/><counter type="LINE" missed="0" covered="1"/><counter type="COMPLEXITY" missed="0" covered="1"/><counter type="METHOD" missed="0" covered="1"/><counter type="CLASS" missed="0" covered="1"/></sourcefile><sourcefile name="CreateRegistaDto.java"><line nr="1" mi="0" ci="9" mb="0" cb="0"/><counter type="INSTRUCTION" missed="0" covered="9"/><counter type="LINE" missed="0" covered="1"/><counter type="COMPLEXITY" missed="0" covered="1"/><counter type="METHOD" missed="0" covered="1"/><counter type="CLASS" missed="0" covered="1"/></sourcefile><sourcefile name="RegistaResponseDto.java"><line nr="1" mi="0" ci="15" mb="0" cb="0"/><counter type="INSTRUCTION" missed="0" covered="15"/><counter type="LINE" missed="0" covered="1"/><counter type="COMPLEXITY" missed="0" covered="1"/><counter type="METHOD" missed="0" covered="1"/><counter type="CLASS" missed="0" covered="1"/></sourcefile><sourcefile name="CreateFilmDto.java"><line nr="1" mi="0" ci="21" mb="0" cb="0"/><counter type="INSTRUCTION" missed="0" covered="21"/><counter type="LINE" missed="0" covered="1"/><counter type="COMPLEXITY" missed="0" covered="1"/><counter type="METHOD" missed="0" covered="1"/><counter type="CLASS" missed="0" covered="1"/></sourcefile><counter type="INSTRUCTION" missed="0" covered="126"/><counter type="LINE" missed="0" covered="9"/><counter type="COMPLEXITY" missed="0" covered="9"/><counter type="METHOD" missed="0" covered="9"/><counter type="CLASS" missed="0" covered="9"/></package><package name="com/progettoids_giuseppedemarco"><class name="com/progettoids_giuseppedemarco/Main" sourcefilename="Main.java"><method name="&lt;init&gt;" desc="()V" line="5"><counter type="INSTRUCTION" missed="3" covered="0"/><counter type="LINE" missed="1" covered="0"/><counter type="COMPLEXITY" missed="1" covered="0"/><counter type="METHOD" missed="1" covered="0"/></method><method name="main" desc="([Ljava/lang/String;)V" line="7"><counter type="INSTRUCTION" missed="3" covered="0"/><counter type="LINE" missed="2" covered="0"/><counter type="COMPLEXITY" missed="1" covered="0"/><counter type="METHOD" missed="1" covered="0"/></method><counter type="INSTRUCTION" missed="6" covered="0"/><counter type="LINE" missed="3" covered="0"/><counter type="COMPLEXITY" missed="2" covered="0"/><counter type="METHOD" missed="2" covered="0"/><counter type="CLASS" missed="1" covered="0"/></class><sourcefile name="Main.java"><line nr="5" mi="3" ci="0" mb="0" cb="0"/><line nr="7" mi="2" ci="0" mb="0" cb="0"/><line nr="8" mi="1" ci="0" mb="0" cb="0"/><counter type="INSTRUCTION" missed="6" covered="0"/><counter type="LINE" missed="3" covered="0"/><counter type="COMPLEXITY" missed="2" covered="0"/><counter type="METHOD" missed="2" covered="0"/><counter type="CLASS" missed="1" covered="0"/></sourcefile><counter type="INSTRUCTION" missed="6" covered="0"/><counter type="LINE" missed="3" covered="0"/><counter type="COMPLEXITY" missed="2" covered="0"/><counter type="METHOD" missed="2" covered="0"/><counter type="CLASS" missed="1" covered="0"/></package><package name="com/progettoids_giuseppedemarco/repository/db"><class name="com/progettoids_giuseppedemarco/repository/db/DatabaseFilmRepository" sourcefilename="DatabaseFilmRepository.java"><method name="&lt;init&gt;" desc="()V" line="21"><counter type="INSTRUCTION" missed="0" covered="3"/><counter type="LINE" missed="0" covered="1"/><counter type="COMPLEXITY" missed="0" covered="1"/><counter type="METHOD" missed="0" covered="1"/></method><method name="save" desc="(Lcom/progettoids_giuseppedemarco/domain/Film;)Lcom/progettoids_giuseppedemarco/domain/Film;" line="24"><counter type="INSTRUCTION" missed="42" covered="0"/><counter type="BRANCH" missed="4" covered="0"/><counter type="LINE" missed="11" covered="0"/><counter type="COMPLEXITY" missed="3" covered="0"/><counter type="METHOD" missed="1" covered="0"/></method><method name="findById" desc="(Ljava/lang/Integer;)Ljava/util/Optional;" line="41"><counter type="INSTRUCTION" missed="48" covered="0"/><counter type="BRANCH" missed="2" covered="0"/><counter type="LINE" missed="10" covered="0"/><counter type="COMPLEXITY" missed="2" covered="0"/><counter type="METHOD" missed="1" covered="0"/></method><method name="findAll" desc="()Ljava/util/List;" line="60"><counter type="INSTRUCTION" missed="45" covered="0"/><counter type="BRANCH" missed="2" covered="0"/><counter type="LINE" missed="10" covered="0"/><counter type="COMPLEXITY" missed="2" covered="0"/><counter type="METHOD" missed="1" covered="0"/></method><method name="deleteById" desc="(Ljava/lang/Integer;)V" line="78"><counter type="INSTRUCTION" missed="48" covered="0"/><counter type="LINE" missed="11" covered="0"/><counter type="COMPLEXITY" missed="1" covered="0"/><counter type="METHOD" missed="1" covered="0"/></method><method name="insertFilm" desc="(Ljava/sql/Connection;Lcom/progettoids_giuseppedemarco/domain/Film;)Lcom/progettoids_giuseppedemarco/domain/Film;" line="95"><counter type="INSTRUCTION" missed="89" covered="0"/><counter type="LINE" missed="18" covered="0"/><counter type="COMPLEXITY" missed="1" covered="0"/><counter type="METHOD" missed="1" covered="0"/></method><method name="updateFilm" desc="(Ljava/sql/Connection;Lcom/progettoids_giuseppedemarco/domain/Film;)Lcom/progettoids_giuseppedemarco/domain/Film;" line="123"><counter type="INSTRUCTION" missed="90" covered="0"/><counter type="BRANCH" missed="2" covered="0"/><counter type="LINE" missed="17" covered="0"/><counter type="COMPLEXITY" missed="2" covered="0"/><counter type="METHOD" missed="1" covered="0"/></method><method name="upsertStato" desc="(Ljava/sql/Connection;ILcom/progettoids_giuseppedemarco/domain/StatoVisione;Ljava/sql/Timestamp;)V" line="151"><counter type="INSTRUCTION" missed="78" covered="0"/><counter type="BRANCH" missed="2" covered="0"/><counter type="LINE" missed="19" covered="0"/><counter type="COMPLEXITY" missed="2" covered="0"/><counter type="METHOD" missed="1" covered="0"/></method><method name="upsertValutazione" desc="(Ljava/sql/Connection;IILjava/sql/Timestamp;)V" line="179"><counter type="INSTRUCTION" missed="79" covered="0"/><counter type="BRANCH" missed="2" covered="0"/><counter type="LINE" missed="19" covered="0"/><counter type="COMPLEXITY" missed="2" covered="0"/><counter type="METHOD" missed="1" covered="0"/></method><method name="findOrCreateRegista" desc="(Ljava/sql/Connection;Lcom/progettoids_giuseppedemarco/domain/Regista;)Ljava/lang/Integer;" line="207"><counter type="INSTRUCTION" missed="90" covered="0"/><counter type="BRANCH" missed="2" covered="0"/><counter type="LINE" missed="20" covered="0"/><counter type="COMPLEXITY" missed="2" covered="0"/><counter type="METHOD" missed="1" covered="0"/></method><method name="findOrCreateGenere" desc="(Ljava/sql/Connection;Ljava/lang/String;)Ljava/lang/Integer;" line="244"><counter type="INSTRUCTION" missed="73" covered="0"/><counter type="BRANCH" missed="2" covered="0"/><counter type="LINE" missed="17" covered="0"/><counter type="COMPLEXITY" missed="2" covered="0"/><counter type="METHOD" missed="1" covered="0"/></method><method name="findChildId" desc="(Ljava/sql/Connection;Ljava/lang/String;I)Ljava/lang/Integer;" line="272"><counter type="INSTRUCTION" missed="38" covered="0"/><counter type="BRANCH" missed="2" covered="0"/><counter type="LINE" missed="7" covered="0"/><counter type="COMPLEXITY" missed="2" covered="0"/><counter type="METHOD" missed="1" covered="0"/></method><method name="deleteByFilmId" desc="(Ljava/sql/Connection;Ljava/lang/String;I)V" line="285"><counter type="INSTRUCTION" missed="25" covered="0"/><counter type="LINE" missed="5" covered="0"/><counter type="COMPLEXITY" missed="1" covered="0"/><counter type="METHOD" missed="1" covered="0"/></method><method name="nextId" desc="(Ljava/sql/Connection;Ljava/lang/String;)I" line="293"><counter type="INSTRUCTION" missed="27" covered="0"/><counter type="LINE" missed="5" covered="0"/><counter type="COMPLEXITY" missed="1" covered="0"/><counter type="METHOD" missed="1" covered="0"/></method><method name="baseSelectQuery" desc="()Ljava/lang/String;" line="302"><counter type="INSTRUCTION" missed="0" covered="2"/><counter type="LINE" missed="0" covered="1"/><counter type="COMPLEXITY" missed="0" covered="1"/><counter type="METHOD" missed="0" covered="1"/></method><method name="mapFilm" desc="(Ljava/sql/ResultSet;)Lcom/progettoids_giuseppedemarco/domain/Film;" line="321"><counter type="INSTRUCTION" missed="59" covered="0"/><counter type="LINE" missed="16" covered="0"/><counter type="COMPLEXITY" missed="1" covered="0"/><counter type="METHOD" missed="1" covered="0"/></method><method name="parseStatoVisione" desc="(Ljava/lang/String;)Lcom/progettoids_giuseppedemarco/domain/StatoVisione;" line="342"><counter type="INSTRUCTION" missed="0" covered="21"/><counter type="BRANCH" missed="1" covered="3"/><counter type="LINE" missed="0" covered="6"/><counter type="COMPLEXITY" missed="1" covered="2"/><counter type="METHOD" missed="0" covered="1"/></method><method name="normalizeOptional" desc="(Ljava/lang/String;)Ljava/lang/String;" line="353"><counter type="INSTRUCTION" missed="0" covered="10"/><counter type="BRANCH" missed="1" covered="3"/><counter type="LINE" missed="0" covered="3"/><counter type="COMPLEXITY" missed="1" covered="2"/><counter type="METHOD" missed="0" covered="1"/></method><counter type="INSTRUCTION" missed="831" covered="36"/><counter type="BRANCH" missed="22" covered="6"/><counter type="LINE" missed="185" covered="11"/><counter type="COMPLEXITY" missed="26" covered="6"/><counter type="METHOD" missed="14" covered="4"/><counter type="CLASS" missed="0" covered="1"/></class><sourcefile name="DatabaseFilmRepository.java"><line nr="21" mi="0" ci="3" mb="0" cb="0"/><line nr="24" mi="7" ci="0" mb="0" cb="0"/><line nr="25" mi="3" ci="0" mb="0" cb="0"/><line nr="26" mi="7" ci="0" mb="4" cb="0"/><line nr="27" mi="5" ci="0" mb="0" cb="0"/><line nr="28" mi="2" ci="0" mb="0" cb="0"/><line nr="29" mi="2" ci="0" mb="0" cb="0"/><line nr="31" mi="5" ci="0" mb="0" cb="0"/><line nr="32" mi="2" ci="0" mb="0" cb="0"/><line nr="33" mi="2" ci="0" mb="0" cb="0"/><line nr="34" mi="1" ci="0" mb="0" cb="0"/><line nr="35" mi="6" ci="0" mb="0" cb="0"/><line nr="41" mi="7" ci="0" mb="0" cb="0"/><line nr="42" mi="4" ci="0" mb="0" cb="0"/><line nr="44" mi="8" ci="0" mb="0" cb="0"/><line nr="45" mi="5" ci="0" mb="0" cb="0"/><line nr="46" mi="7" ci="0" mb="0" cb="0"/><line nr="47" mi="3" ci="0" mb="2" cb="0"/><line nr="48" mi="2" ci="0" mb="0" cb="0"/><line nr="50" mi="5" ci="0" mb="0" cb="0"/><line nr="53" mi="1" ci="0" mb="0" cb="0"/><line nr="54" mi="6" ci="0" mb="0" cb="0"/><line nr="60" mi="7" ci="0" mb="0" cb="0"/><line nr="61" mi="4" ci="0" mb="0" cb="0"/><line nr="63" mi="8" ci="0" mb="0" cb="0"/><line nr="64" mi="3" ci="0" mb="0" cb="0"/><line nr="65" mi="4" ci="0" mb="0" cb="0"/><line nr="66" mi="4" ci="0" mb="2" cb="0"/><line nr="67" mi="6" ci="0" mb="0" cb="0"/><line nr="69" mi="2" ci="0" mb="0" cb="0"/><line nr="71" mi="1" ci="0" mb="0" cb="0"/><line nr="72" mi="6" ci="0" mb="0" cb="0"/><line nr="78" mi="7" ci="0" mb="0" cb="0"/><line nr="79" mi="3" ci="0" mb="0" cb="0"/><line nr="81" mi="6" ci="0" mb="0" cb="0"/><line nr="82" mi="6" ci="0" mb="0" cb="0"/><line nr="83" mi="8" ci="0" mb="0" cb="0"/><line nr="84" mi="5" ci="0" mb="0" cb="0"/><line nr="85" mi="3" ci="0" mb="0" cb="0"/><line nr="88" mi="2" ci="0" mb="0" cb="0"/><line nr="89" mi="1" ci="0" mb="0" cb="0"/><line nr="90" mi="6" ci="0" mb="0" cb="0"/><line nr="92" mi="1" ci="0" mb="0" cb="0"/><line nr="95" mi="7" ci="0" mb="0" cb="0"/><line nr="96" mi="8" ci="0" mb="0" cb="0"/><line nr="97" mi="5" ci="0" mb="0" cb="0"/><line nr="98" mi="3" ci="0" mb="0" cb="0"/><line nr="100" mi="2" ci="0" mb="0" cb="0"/><line nr="105" mi="8" ci="0" mb="0" cb="0"/><line nr="106" mi="4" ci="0" mb="0" cb="0"/><line nr="107" mi="5" ci="0" mb="0" cb="0"/><line nr="108" mi="4" ci="0" mb="0" cb="0"/><line nr="109" mi="6" ci="0" mb="0" cb="0"/><line nr="110" mi="4" ci="0" mb="0" cb="0"/><line nr="111" mi="4" ci="0" mb="0" cb="0"/><line nr="112" mi="4" ci="0" mb="0" cb="0"/><line nr="113" mi="4" ci="0" mb="0" cb="0"/><line nr="114" mi="3" ci="0" mb="0" cb="0"/><line nr="117" mi="7" ci="0" mb="0" cb="0"/><line nr="118" mi="7" ci="0" mb="0" cb="0"/><line nr="119" mi="4" ci="0" mb="0" cb="0"/><line nr="123" mi="7" ci="0" mb="0" cb="0"/><line nr="124" mi="8" ci="0" mb="0" cb="0"/><line nr="125" mi="3" ci="0" mb="0" cb="0"/><line nr="126" mi="2" ci="0" mb="0" cb="0"/><line nr="132" mi="8" ci="0" mb="0" cb="0"/><line nr="133" mi="5" ci="0" mb="0" cb="0"/><line nr="134" mi="4" ci="0" mb="0" cb="0"/><line nr="135" mi="6" ci="0" mb="0" cb="0"/><line nr="136" mi="4" ci="0" mb="0" cb="0"/><line nr="137" mi="4" ci="0" mb="0" cb="0"/><line nr="138" mi="6" ci="0" mb="0" cb="0"/><line nr="139" mi="3" ci="0" mb="0" cb="0"/><line nr="140" mi="2" ci="0" mb="2" cb="0"/><line nr="141" mi="8" ci="0" mb="0" cb="0"/><line nr="145" mi="9" ci="0" mb="0" cb="0"/><line nr="146" mi="9" ci="0" mb="0" cb="0"/><line nr="147" mi="2" ci="0" mb="0" cb="0"/><line nr="151" mi="6" ci="0" mb="0" cb="0"/><line nr="152" mi="2" ci="0" mb="2" cb="0"/><line nr="153" mi="2" ci="0" mb="0" cb="0"/><line nr="157" mi="8" ci="0" mb="0" cb="0"/><line nr="158" mi="7" ci="0" mb="0" cb="0"/><line nr="159" mi="4" ci="0" mb="0" cb="0"/><line nr="160" mi="5" ci="0" mb="0" cb="0"/><line nr="161" mi="4" ci="0" mb="0" cb="0"/><line nr="162" mi="4" ci="0" mb="0" cb="0"/><line nr="163" mi="4" ci="0" mb="0" cb="0"/><line nr="164" mi="3" ci="0" mb="0" cb="0"/><line nr="166" mi="1" ci="0" mb="0" cb="0"/><line nr="169" mi="2" ci="0" mb="0" cb="0"/><line nr="170" mi="8" ci="0" mb="0" cb="0"/><line nr="171" mi="5" ci="0" mb="0" cb="0"/><line nr="172" mi="4" ci="0" mb="0" cb="0"/><line nr="173" mi="5" ci="0" mb="0" cb="0"/><line nr="174" mi="3" ci="0" mb="0" cb="0"/><line nr="176" mi="1" ci="0" mb="0" cb="0"/><line nr="179" mi="6" ci="0" mb="0" cb="0"/><line nr="180" mi="2" ci="0" mb="2" cb="0"/><line nr="181" mi="2" ci="0" mb="0" cb="0"/><line nr="185" mi="8" ci="0" mb="0" cb="0"/><line nr="186" mi="7" ci="0" mb="0" cb="0"/><line nr="187" mi="4" ci="0" mb="0" cb="0"/><line nr="188" mi="5" ci="0" mb="0" cb="0"/><line nr="189" mi="5" ci="0" mb="0" cb="0"/><line nr="190" mi="4" ci="0" mb="0" cb="0"/><line nr="191" mi="4" ci="0" mb="0" cb="0"/><line nr="192" mi="3" ci="0" mb="0" cb="0"/><line nr="194" mi="1" ci="0" mb="0" cb="0"/><line nr="197" mi="2" ci="0" mb="0" cb="0"/><line nr="198" mi="8" ci="0" mb="0" cb="0"/><line nr="199" mi="5" ci="0" mb="0" cb="0"/><line nr="200" mi="4" ci="0" mb="0" cb="0"/><line nr="201" mi="5" ci="0" mb="0" cb="0"/><line nr="202" mi="3" ci="0" mb="0" cb="0"/><line nr="204" mi="1" ci="0" mb="0" cb="0"/><line nr="207" mi="2" ci="0" mb="0" cb="0"/><line nr="214" mi="8" ci="0" mb="0" cb="0"/><line nr="215" mi="5" ci="0" mb="0" cb="0"/><line nr="216" mi="5" ci="0" mb="0" cb="0"/><line nr="217" mi="5" ci="0" mb="0" cb="0"/><line nr="218" mi="7" ci="0" mb="0" cb="0"/><line nr="219" mi="3" ci="0" mb="2" cb="0"/><line nr="220" mi="5" ci="0" mb="0" cb="0"/><line nr="225" mi="5" ci="0" mb="0" cb="0"/><line nr="226" mi="3" ci="0" mb="0" cb="0"/><line nr="227" mi="2" ci="0" mb="0" cb="0"/><line nr="231" mi="8" ci="0" mb="0" cb="0"/><line nr="232" mi="4" ci="0" mb="0" cb="0"/><line nr="233" mi="5" ci="0" mb="0" cb="0"/><line nr="234" mi="5" ci="0" mb="0" cb="0"/><line nr="235" mi="4" ci="0" mb="0" cb="0"/><line nr="236" mi="4" ci="0" mb="0" cb="0"/><line nr="237" mi="4" ci="0" mb="0" cb="0"/><line nr="238" mi="3" ci="0" mb="0" cb="0"/><line nr="240" mi="3" ci="0" mb="0" cb="0"/><line nr="244" mi="2" ci="0" mb="0" cb="0"/><line nr="245" mi="8" ci="0" mb="0" cb="0"/><line nr="246" mi="4" ci="0" mb="0" cb="0"/><line nr="247" mi="7" ci="0" mb="0" cb="0"/><line nr="248" mi="3" ci="0" mb="2" cb="0"/><line nr="249" mi="5" ci="0" mb="0" cb="0"/><line nr="254" mi="5" ci="0" mb="0" cb="0"/><line nr="255" mi="3" ci="0" mb="0" cb="0"/><line nr="256" mi="2" ci="0" mb="0" cb="0"/><line nr="260" mi="8" ci="0" mb="0" cb="0"/><line nr="261" mi="4" ci="0" mb="0" cb="0"/><line nr="262" mi="4" ci="0" mb="0" cb="0"/><line nr="263" mi="4" ci="0" mb="0" cb="0"/><line nr="264" mi="4" ci="0" mb="0" cb="0"/><line nr="265" mi="4" ci="0" mb="0" cb="0"/><line nr="266" mi="3" ci="0" mb="0" cb="0"/><line nr="268" mi="3" ci="0" mb="0" cb="0"/><line nr="272" mi="9" ci="0" mb="0" cb="0"/><line nr="273" mi="8" ci="0" mb="0" cb="0"/><line nr="274" mi="4" ci="0" mb="0" cb="0"/><line nr="275" mi="7" ci="0" mb="0" cb="0"/><line nr="276" mi="3" ci="0" mb="2" cb="0"/><line nr="277" mi="5" ci="0" mb="0" cb="0"/><line nr="281" mi="2" ci="0" mb="0" cb="0"/><line nr="285" mi="9" ci="0" mb="0" cb="0"/><line nr="286" mi="8" ci="0" mb="0" cb="0"/><line nr="287" mi="4" ci="0" mb="0" cb="0"/><line nr="288" mi="3" ci="0" mb="0" cb="0"/><line nr="290" mi="1" ci="0" mb="0" cb="0"/><line nr="293" mi="9" ci="0" mb="0" cb="0"/><line nr="294" mi="8" ci="0" mb="0" cb="0"/><line nr="295" mi="3" ci="0" mb="0" cb="0"/><line nr="296" mi="3" ci="0" mb="0" cb="0"/><line nr="297" mi="4" ci="0" mb="0" cb="0"/><line nr="302" mi="0" ci="2" mb="0" cb="0"/><line nr="321" mi="5" ci="0" mb="0" cb="0"/><line nr="322" mi="4" ci="0" mb="0" cb="0"/><line nr="323" mi="4" ci="0" mb="0" cb="0"/><line nr="324" mi="4" ci="0" mb="0" cb="0"/><line nr="325" mi="5" ci="0" mb="0" cb="0"/><line nr="326" mi="4" ci="0" mb="0" cb="0"/><line nr="327" mi="5" ci="0" mb="0" cb="0"/><line nr="328" mi="6" ci="0" mb="0" cb="0"/><line nr="330" mi="4" ci="0" mb="0" cb="0"/><line nr="331" mi="1" ci="0" mb="0" cb="0"/><line nr="332" mi="1" ci="0" mb="0" cb="0"/><line nr="333" mi="8" ci="0" mb="0" cb="0"/><line nr="334" mi="1" ci="0" mb="0" cb="0"/><line nr="335" mi="5" ci="0" mb="0" cb="0"/><line nr="336" mi="1" ci="0" mb="0" cb="0"/><line nr="337" mi="1" ci="0" mb="0" cb="0"/><line nr="342" mi="0" ci="5" mb="1" cb="3"/><line nr="343" mi="0" ci="5" mb="0" cb="0"/><line nr="346" mi="0" ci="3" mb="0" cb="0"/><line nr="347" mi="0" ci="2" mb="0" cb="0"/><line nr="348" mi="0" ci="3" mb="0" cb="0"/><line nr="349" mi="0" ci="3" mb="0" cb="0"/><line nr="353" mi="0" ci="5" mb="1" cb="3"/><line nr="354" mi="0" ci="2" mb="0" cb="0"/><line nr="356" mi="0" ci="3" mb="0" cb="0"/><counter type="INSTRUCTION" missed="831" covered="36"/><counter type="BRANCH" missed="22" covered="6"/><counter type="LINE" missed="185" covered="11"/><counter type="COMPLEXITY" missed="26" covered="6"/><counter type="METHOD" missed="14" covered="4"/><counter type="CLASS" missed="0" covered="1"/></sourcefile><counter type="INSTRUCTION" missed="831" covered="36"/><counter type="BRANCH" missed="22" covered="6"/><counter type="LINE" missed="185" covered="11"/><counter type="COMPLEXITY" missed="26" covered="6"/><counter type="METHOD" missed="14" covered="4"/><counter type="CLASS" missed="0" covered="1"/></package><package name="com/progettoids_giuseppedemarco/ui/dashboard"><class name="com/progettoids_giuseppedemarco/ui/dashboard/FilmFormData" sourcefilename="FilmFormData.java"><method name="&lt;init&gt;" desc="(Ljava/lang/String;Ljava/lang/String;Ljava/lang/String;Ljava/lang/String;Ljava/lang/String;Ljava/lang/String;Lcom/progettoids_giuseppedemarco/domain/StatoVisione;)V" line="1"><counter type="INSTRUCTION" missed="24" covered="0"/><counter type="LINE" missed="1" covered="0"/><counter type="COMPLEXITY" missed="1" covered="0"/><counter type="METHOD" missed="1" covered="0"/></method><counter type="INSTRUCTION" missed="24" covered="0"/><counter type="LINE" missed="1" covered="0"/><counter type="COMPLEXITY" missed="1" covered="0"/><counter type="METHOD" missed="1" covered="0"/><counter type="CLASS" missed="1" covered="0"/></class><class name="com/progettoids_giuseppedemarco/ui/dashboard/FilmLibraryDashboardController" sourcefilename="FilmLibraryDashboardController.java"><method name="&lt;init&gt;" desc="(Ljava/awt/Component;Lcom/progettoids_giuseppedemarco/service/FilmLibraryService;Lcom/progettoids_giuseppedemarco/infrastructure/NoteFilmStorage;Ljava/nio/file/Path;Ljava/util/function/Consumer;Ljava/util/function/Consumer;Ljava/util/function/Consumer;)V" line="33"><counter type="INSTRUCTION" missed="0" covered="24"/><counter type="LINE" missed="0" covered="9"/><counter type="COMPLEXITY" missed="0" covered="1"/><counter type="METHOD" missed="0" covered="1"/></method><method name="addFilm" desc="()V" line="52"><counter type="INSTRUCTION" missed="34" covered="0"/><counter type="BRANCH" missed="2" covered="0"/><counter type="LINE" missed="10" covered="0"/><counter type="COMPLEXITY" missed="2" covered="0"/><counter type="METHOD" missed="1" covered="0"/></method><method name="updateFilm" desc="()V" line="68"><counter type="INSTRUCTION" missed="62" covered="0"/><counter type="BRANCH" missed="6" covered="0"/><counter type="LINE" missed="17" covered="0"/><counter type="COMPLEXITY" missed="4" covered="0"/><counter type="METHOD" missed="1" covered="0"/></method><method name="removeFilm" desc="()V" line="93"><counter type="INSTRUCTION" missed="46" covered="0"/><counter type="BRANCH" missed="4" covered="0"/><counter type="LINE" missed="13" covered="0"/><counter type="COMPLEXITY" missed="3" covered="0"/><counter type="METHOD" missed="1" covered="0"/></method><method name="sortByTitle" desc="()V" line="112"><counter type="INSTRUCTION" missed="0" covered="10"/><counter type="LINE" missed="0" covered="2"/><counter type="COMPLEXITY" missed="0" covered="1"/><counter type="METHOD" missed="0" covered="1"/></method><method name="sortByDirector" desc="()V" line="116"><counter type="INSTRUCTION" missed="0" covered="10"/><counter type="LINE" missed="0" covered="2"/><counter type="COMPLEXITY" missed="0" covered="1"/><counter type="METHOD" missed="0" covered="1"/></method><method name="sortByStatus" desc="()V" line="120"><counter type="INSTRUCTION" missed="0" covered="10"/><counter type="LINE" missed="0" covered="2"/><counter type="COMPLEXITY" missed="0" covered="1"/><counter type="METHOD" missed="0" covered="1"/></method><method name="showRepositoryOrder" desc="()V" line="124"><counter type="INSTRUCTION" missed="0" covered="14"/><counter type="LINE" missed="0" covered="3"/><counter type="COMPLEXITY" missed="0" covered="1"/><counter type="METHOD" missed="0" covered="1"/></method><method name="saveLibrary" desc="()V" line="130"><counter type="INSTRUCTION" missed="82" covered="0"/><counter type="BRANCH" missed="6" covered="0"/><counter type="LINE" missed="18" covered="0"/><counter type="COMPLEXITY" missed="4" covered="0"/><counter type="METHOD" missed="1" covered="0"/></method><method name="showSorted" desc="(Ljava/lang/String;Ljava/util/List;)V" line="157"><counter type="INSTRUCTION" missed="0" covered="12"/><counter type="LINE" missed="0" covered="3"/><counter type="COMPLEXITY" missed="0" covered="1"/><counter type="METHOD" missed="0" covered="1"/></method><method name="buildFilmBuilder" desc="(Lcom/progettoids_giuseppedemarco/ui/dashboard/FilmFormData;Ljava/lang/Integer;)Lcom/progettoids_giuseppedemarco/builder/ConcreteFilmBuilder;" line="163"><counter type="INSTRUCTION" missed="60" covered="0"/><counter type="BRANCH" missed="2" covered="0"/><counter type="LINE" missed="12" covered="0"/><counter type="COMPLEXITY" missed="2" covered="0"/><counter type="METHOD" missed="1" covered="0"/></method><method name="askFilmId" desc="(Ljava/lang/String;Ljava/lang/String;)Ljava/lang/String;" line="180"><counter type="INSTRUCTION" missed="7" covered="0"/><counter type="LINE" missed="1" covered="0"/><counter type="COMPLEXITY" missed="1" covered="0"/><counter type="METHOD" missed="1" covered="0"/></method><method name="normalizeOptional" desc="(Ljava/lang/String;)Ljava/lang/String;" line="184"><counter type="INSTRUCTION" missed="10" covered="0"/><counter type="BRANCH" missed="4" covered="0"/><counter type="LINE" missed="3" covered="0"/><counter type="COMPLEXITY" missed="3" covered="0"/><counter type="METHOD" missed="1" covered="0"/></method><counter type="INSTRUCTION" missed="301" covered="80"/><counter type="BRANCH" missed="24" covered="0"/><counter type="LINE" missed="74" covered="21"/><counter type="COMPLEXITY" missed="19" covered="6"/><counter type="METHOD" missed="7" covered="6"/><counter type="CLASS" missed="0" covered="1"/></class><class name="com/progettoids_giuseppedemarco/ui/dashboard/FilmFormDialog" sourcefilename="FilmFormDialog.java"><method name="show" desc="(Ljava/awt/Component;Lcom/progettoids_giuseppedemarco/domain/Film;)Lcom/progettoids_giuseppedemarco/ui/dashboard/FilmFormData;" line="19"><counter type="INSTRUCTION" missed="199" covered="0"/><counter type="BRANCH" missed="18" covered="0"/><counter type="LINE" missed="40" covered="0"/><counter type="COMPLEXITY" missed="10" covered="0"/><counter type="METHOD" missed="1" covered="0"/></method><method name="safeText" desc="(Ljava/lang/String;)Ljava/lang/String;" line="70"><counter type="INSTRUCTION" missed="6" covered="0"/><counter type="BRANCH" missed="2" covered="0"/><counter type="LINE" missed="1" covered="0"/><counter type="COMPLEXITY" missed="2" covered="0"/><counter type="METHOD" missed="1" covered="0"/></method><counter type="INSTRUCTION" missed="205" covered="0"/><counter type="BRANCH" missed="20" covered="0"/><counter type="LINE" missed="41" covered="0"/><counter type="COMPLEXITY" missed="12" covered="0"/><counter type="METHOD" missed="2" covered="0"/><counter type="CLASS" missed="1" covered="0"/></class><class name="com/progettoids_giuseppedemarco/ui/dashboard/FilmLibraryCommandFactory" sourcefilename="FilmLibraryCommandFactory.java"><method name="create" desc="(Lcom/progettoids_giuseppedemarco/ui/dashboard/FilmLibraryDashboardController;)Ljava/util/List;" line="13"><counter type="INSTRUCTION" missed="0" covered="74"/><counter type="LINE" missed="0" covered="9"/><counter type="COMPLEXITY" missed="0" covered="1"/><counter type="METHOD" missed="0" covered="1"/></method><counter type="INSTRUCTION" missed="0" covered="74"/><counter type="LINE" missed="0" covered="9"/><counter type="COMPLEXITY" missed="0" covered="1"/><counter type="METHOD" missed="0" covered="1"/><counter type="CLASS" missed="0" covered="1"/></class><sourcefile name="FilmFormDialog.java"><line nr="19" mi="10" ci="0" mb="2" cb="0"/><line nr="20" mi="11" ci="0" mb="2" cb="0"/><line nr="21" mi="12" ci="0" mb="2" cb="0"/><line nr="22" mi="11" ci="0" mb="2" cb="0"/><line nr="23" mi="11" ci="0" mb="2" cb="0"/><line nr="24" mi="11" ci="0" mb="2" cb="0"/><line nr="25" mi="5" ci="0" mb="0" cb="0"/><line nr="26" mi="2" ci="0" mb="2" cb="0"/><line nr="27" mi="4" ci="0" mb="0" cb="0"/><line nr="30" mi="11" ci="0" mb="0" cb="0"/><line nr="31" mi="7" ci="0" mb="0" cb="0"/><line nr="32" mi="4" ci="0" mb="0" cb="0"/><line nr="33" mi="7" ci="0" mb="0" cb="0"/><line nr="34" mi="4" ci="0" mb="0" cb="0"/><line nr="35" mi="7" ci="0" mb="0" cb="0"/><line nr="36" mi="4" ci="0" mb="0" cb="0"/><line nr="37" mi="7" ci="0" mb="0" cb="0"/><line nr="38" mi="4" ci="0" mb="0" cb="0"/><line nr="39" mi="7" ci="0" mb="0" cb="0"/><line nr="40" mi="4" ci="0" mb="0" cb="0"/><line nr="41" mi="7" ci="0" mb="0" cb="0"/><line nr="42" mi="4" ci="0" mb="0" cb="0"/><line nr="43" mi="7" ci="0" mb="0" cb="0"/><line nr="44" mi="4" ci="0" mb="0" cb="0"/><line nr="46" mi="2" ci="0" mb="0" cb="0"/><line nr="47" mi="1" ci="0" mb="0" cb="0"/><line nr="48" mi="1" ci="0" mb="0" cb="0"/><line nr="49" mi="5" ci="0" mb="2" cb="0"/><line nr="50" mi="1" ci="0" mb="0" cb="0"/><line nr="51" mi="1" ci="0" mb="0" cb="0"/><line nr="54" mi="2" ci="0" mb="2" cb="0"/><line nr="55" mi="2" ci="0" mb="0" cb="0"/><line nr="58" mi="4" ci="0" mb="0" cb="0"/><line nr="59" mi="2" ci="0" mb="0" cb="0"/><line nr="60" mi="2" ci="0" mb="0" cb="0"/><line nr="61" mi="2" ci="0" mb="0" cb="0"/><line nr="62" mi="2" ci="0" mb="0" cb="0"/><line nr="63" mi="2" ci="0" mb="0" cb="0"/><line nr="64" mi="2" ci="0" mb="0" cb="0"/><line nr="65" mi="3" ci="0" mb="0" cb="0"/><line nr="70" mi="6" ci="0" mb="2" cb="0"/><counter type="INSTRUCTION" missed="205" covered="0"/><counter type="BRANCH" missed="20" covered="0"/><counter type="LINE" missed="41" covered="0"/><counter type="COMPLEXITY" missed="12" covered="0"/><counter type="METHOD" missed="2" covered="0"/><counter type="CLASS" missed="1" covered="0"/></sourcefile><sourcefile name="FilmFormData.java"><line nr="1" mi="24" ci="0" mb="0" cb="0"/><counter type="INSTRUCTION" missed="24" covered="0"/><counter type="LINE" missed="1" covered="0"/><counter type="COMPLEXITY" missed="1" covered="0"/><counter type="METHOD" missed="1" covered="0"/><counter type="CLASS" missed="1" covered="0"/></sourcefile><sourcefile name="FilmLibraryDashboardController.java"><line nr="33" mi="0" ci="2" mb="0" cb="0"/><line nr="42" mi="0" ci="3" mb="0" cb="0"/><line nr="43" mi="0" ci="3" mb="0" cb="0"/><line nr="44" mi="0" ci="3" mb="0" cb="0"/><line nr="45" mi="0" ci="3" mb="0" cb="0"/><line nr="46" mi="0" ci="3" mb="0" cb="0"/><line nr="47" mi="0" ci="3" mb="0" cb="0"/><line nr="48" mi="0" ci="3" mb="0" cb="0"/><line nr="49" mi="0" ci="1" mb="0" cb="0"/><line nr="52" mi="5" ci="0" mb="0" cb="0"/><line nr="53" mi="2" ci="0" mb="2" cb="0"/><line nr="54" mi="1" ci="0" mb="0" cb="0"/><line nr="58" mi="5" ci="0" mb="0" cb="0"/><line nr="59" mi="5" ci="0" mb="0" cb="0"/><line nr="60" mi="2" ci="0" mb="0" cb="0"/><line nr="61" mi="6" ci="0" mb="0" cb="0"/><line nr="62" mi="2" ci="0" mb="0" cb="0"/><line nr="63" mi="5" ci="0" mb="0" cb="0"/><line nr="65" mi="1" ci="0" mb="0" cb="0"/><line nr="68" mi="5" ci="0" mb="0" cb="0"/><line nr="69" mi="5" ci="0" mb="4" cb="0"/><line nr="70" mi="1" ci="0" mb="0" cb="0"/><line nr="74" mi="4" ci="0" mb="0" cb="0"/><line nr="75" mi="5" ci="0" mb="0" cb="0"/><line nr="76" mi="5" ci="0" mb="0" cb="0"/><line nr="77" mi="2" ci="0" mb="2" cb="0"/><line nr="78" mi="1" ci="0" mb="0" cb="0"/><line nr="81" mi="6" ci="0" mb="0" cb="0"/><line nr="82" mi="6" ci="0" mb="0" cb="0"/><line nr="83" mi="2" ci="0" mb="0" cb="0"/><line nr="84" mi="6" ci="0" mb="0" cb="0"/><line nr="85" mi="2" ci="0" mb="0" cb="0"/><line nr="86" mi="5" ci="0" mb="0" cb="0"/><line nr="87" mi="1" ci="0" mb="0" cb="0"/><line nr="88" mi="5" ci="0" mb="0" cb="0"/><line nr="90" mi="1" ci="0" mb="0" cb="0"/><line nr="93" mi="5" ci="0" mb="0" cb="0"/><line nr="94" mi="5" ci="0" mb="4" cb="0"/><line nr="95" mi="1" ci="0" mb="0" cb="0"/><line nr="99" mi="4" ci="0" mb="0" cb="0"/><line nr="100" mi="5" ci="0" mb="0" cb="0"/><line nr="101" mi="4" ci="0" mb="0" cb="0"/><line nr="102" mi="2" ci="0" mb="0" cb="0"/><line nr="103" mi="6" ci="0" mb="0" cb="0"/><line nr="104" mi="2" ci="0" mb="0" cb="0"/><line nr="105" mi="5" ci="0" mb="0" cb="0"/><line nr="106" mi="1" ci="0" mb="0" cb="0"/><line nr="107" mi="5" ci="0" mb="0" cb="0"/><line nr="109" mi="1" ci="0" mb="0" cb="0"/><line nr="112" mi="0" ci="9" mb="0" cb="0"/><line nr="113" mi="0" ci="1" mb="0" cb="0"/><line nr="116" mi="0" ci="9" mb="0" cb="0"/><line nr="117" mi="0" ci="1" mb="0" cb="0"/><line nr="120" mi="0" ci="9" mb="0" cb="0"/><line nr="121" mi="0" ci="1" mb="0" cb="0"/><line nr="124" mi="0" ci="9" mb="0" cb="0"/><line nr="125" mi="0" ci="4" mb="0" cb="0"/><line nr="126" mi="0" ci="1" mb="0" cb="0"/><line nr="130" mi="3" ci="0" mb="2" cb="0"/><line nr="131" mi="4" ci="0" mb="0" cb="0"/><line nr="132" mi="3" ci="0" mb="0" cb="0"/><line nr="133" mi="12" ci="0" mb="0" cb="0"/><line nr="134" mi="6" ci="0" mb="0" cb="0"/><line nr="136" mi="5" ci="0" mb="0" cb="0"/><line nr="137" mi="2" ci="0" mb="2" cb="0"/><line nr="138" mi="1" ci="0" mb="0" cb="0"/><line nr="141" mi="3" ci="0" mb="0" cb="0"/><line nr="142" mi="3" ci="0" mb="0" cb="0"/><line nr="143" mi="5" ci="0" mb="2" cb="0"/><line nr="144" mi="6" ci="0" mb="0" cb="0"/><line nr="146" mi="4" ci="0" mb="0" cb="0"/><line nr="149" mi="8" ci="0" mb="0" cb="0"/><line nr="150" mi="8" ci="0" mb="0" cb="0"/><line nr="151" mi="2" ci="0" mb="0" cb="0"/><line nr="152" mi="6" ci="0" mb="0" cb="0"/><line nr="154" mi="1" ci="0" mb="0" cb="0"/><line nr="157" mi="0" ci="7" mb="0" cb="0"/><line nr="158" mi="0" ci="4" mb="0" cb="0"/><line nr="159" mi="0" ci="1" mb="0" cb="0"/><line nr="163" mi="4" ci="0" mb="0" cb="0"/><line nr="164" mi="2" ci="0" mb="2" cb="0"/><line nr="165" mi="3" ci="0" mb="0" cb="0"/><line nr="167" mi="5" ci="0" mb="0" cb="0"/><line nr="168" mi="13" ci="0" mb="0" cb="0"/><line nr="169" mi="6" ci="0" mb="0" cb="0"/><line nr="170" mi="9" ci="0" mb="0" cb="0"/><line nr="171" mi="6" ci="0" mb="0" cb="0"/><line nr="172" mi="4" ci="0" mb="0" cb="0"/><line nr="173" mi="2" ci="0" mb="0" cb="0"/><line nr="174" mi="1" ci="0" mb="0" cb="0"/><line nr="175" mi="5" ci="0" mb="0" cb="0"/><line nr="180" mi="7" ci="0" mb="0" cb="0"/><line nr="184" mi="5" ci="0" mb="4" cb="0"/><line nr="185" mi="2" ci="0" mb="0" cb="0"/><line nr="187" mi="3" ci="0" mb="0" cb="0"/><counter type="INSTRUCTION" missed="301" covered="80"/><counter type="BRANCH" missed="24" covered="0"/><counter type="LINE" missed="74" covered="21"/><counter type="COMPLEXITY" missed="19" covered="6"/><counter type="METHOD" missed="7" covered="6"/><counter type="CLASS" missed="0" covered="1"/></sourcefile><sourcefile name="FilmLibraryCommandFactory.java"><line nr="13" mi="0" ci="2" mb="0" cb="0"/><line nr="14" mi="0" ci="9" mb="0" cb="0"/><line nr="15" mi="0" ci="9" mb="0" cb="0"/><line nr="16" mi="0" ci="9" mb="0" cb="0"/><line nr="17" mi="0" ci="9" mb="0" cb="0"/><line nr="18" mi="0" ci="9" mb="0" cb="0"/><line nr="19" mi="0" ci="9" mb="0" cb="0"/><line nr="20" mi="0" ci="9" mb="0" cb="0"/><line nr="21" mi="0" ci="9" mb="0" cb="0"/><counter type="INSTRUCTION" missed="0" covered="74"/><counter type="LINE" missed="0" covered="9"/><counter type="COMPLEXITY" missed="0" covered="1"/><counter type="METHOD" missed="0" covered="1"/><counter type="CLASS" missed="0" covered="1"/></sourcefile><counter type="INSTRUCTION" missed="530" covered="154"/><counter type="BRANCH" missed="44" covered="0"/><counter type="LINE" missed="116" covered="30"/><counter type="COMPLEXITY" missed="32" covered="7"/><counter type="METHOD" missed="10" covered="7"/><counter type="CLASS" missed="2" covered="2"/></package><package name="com/progettoids_giuseppedemarco/repository"><class name="com/progettoids_giuseppedemarco/repository/CrudRepository" sourcefilename="CrudRepository.java"/><class name="com/progettoids_giuseppedemarco/repository/FilmRepository" sourcefilename="FilmRepository.java"/><sourcefile name="CrudRepository.java"/><sourcefile name="FilmRepository.java"/></package><package name="com/progettoids_giuseppedemarco/builder"><class name="com/progettoids_giuseppedemarco/builder/FilmBuilder" sourcefilename="FilmBuilder.java"/><class name="com/progettoids_giuseppedemarco/builder/ConcreteFilmBuilder" sourcefilename="ConcreteFilmBuilder.java"><method name="&lt;init&gt;" desc="()V" line="17"><counter type="INSTRUCTION" missed="0" covered="5"/><counter type="LINE" missed="0" covered="3"/><counter type="COMPLEXITY" missed="0" covered="1"/><counter type="METHOD" missed="0" covered="1"/></method><method name="from" desc="(Lcom/progettoids_giuseppedemarco/domain/Film;)Lcom/progettoids_giuseppedemarco/builder/ConcreteFilmBuilder;" line="22"><counter type="INSTRUCTION" missed="34" covered="0"/><counter type="LINE" missed="9" covered="0"/><counter type="COMPLEXITY" missed="1" covered="0"/><counter type="METHOD" missed="1" covered="0"/></method><method name="reset" desc="()V" line="35"><counter type="INSTRUCTION" missed="0" covered="22"/><counter type="LINE" missed="0" covered="8"/><counter type="COMPLEXITY" missed="0" covered="1"/><counter type="METHOD" missed="0" covered="1"/></method><method name="setId" desc="(Ljava/lang/Integer;)V" line="46"><counter type="INSTRUCTION" missed="0" covered="4"/><counter type="LINE" missed="0" covered="2"/><counter type="COMPLEXITY" missed="0" covered="1"/><counter type="METHOD" missed="0" covered="1"/></method><method name="setTitolo" desc="(Ljava/lang/String;)V" line="51"><counter type="INSTRUCTION" missed="0" covered="4"/><counter type="LINE" missed="0" covered="2"/><counter type="COMPLEXITY" missed="0" covered="1"/><counter type="METHOD" missed="0" covered="1"/></method><method name="setRegista" desc="(Lcom/progettoids_giuseppedemarco/domain/Regista;)V" line="56"><counter type="INSTRUCTION" missed="0" covered="4"/><counter type="LINE" missed="0" covered="2"/><counter type="COMPLEXITY" missed="0" covered="1"/><counter type="METHOD" missed="0" covered="1"/></method><method name="setAnnoDiUscita" desc="(I)V" line="61"><counter type="INSTRUCTION" missed="0" covered="4"/><counter type="LINE" missed="0" covered="2"/><counter type="COMPLEXITY" missed="0" covered="1"/><counter type="METHOD" missed="0" covered="1"/></method><method name="setGenere" desc="(Lcom/progettoids_giuseppedemarco/domain/Genere;)V" line="66"><counter type="INSTRUCTION" missed="0" covered="4"/><counter type="LINE" missed="0" covered="2"/><counter type="COMPLEXITY" missed="0" covered="1"/><counter type="METHOD" missed="0" covered="1"/></method><method name="setValutazionePersonale" desc="(I)V" line="71"><counter type="INSTRUCTION" missed="0" covered="4"/><counter type="LINE" missed="0" covered="2"/><counter type="COMPLEXITY" missed="0" covered="1"/><counter type="METHOD" missed="0" covered="1"/></method><method name="setStatoVisione" desc="(Lcom/progettoids_giuseppedemarco/domain/StatoVisione;)V" line="76"><counter type="INSTRUCTION" missed="0" covered="4"/><counter type="LINE" missed="0" covered="2"/><counter type="COMPLEXITY" missed="0" covered="1"/><counter type="METHOD" missed="0" covered="1"/></method><method name="getResult" desc="()Lcom/progettoids_giuseppedemarco/domain/Film;" line="81"><counter type="INSTRUCTION" missed="10" covered="54"/><counter type="BRANCH" missed="4" covered="8"/><counter type="LINE" missed="2" covered="16"/><counter type="COMPLEXITY" missed="4" covered="3"/><counter type="METHOD" missed="0" covered="1"/></method><counter type="INSTRUCTION" missed="44" covered="109"/><counter type="BRANCH" missed="4" covered="8"/><counter type="LINE" missed="11" covered="41"/><counter type="COMPLEXITY" missed="5" covered="12"/><counter type="METHOD" missed="1" covered="10"/><counter type="CLASS" missed="0" covered="1"/></class><class name="com/progettoids_giuseppedemarco/builder/FilmDirector" sourcefilename="FilmDirector.java"><method name="&lt;init&gt;" desc="()V" line="7"><counter type="INSTRUCTION" missed="0" covered="3"/><counter type="LINE" missed="0" covered="1"/><counter type="COMPLEXITY" missed="0" covered="1"/><counter type="METHOD" missed="0" covered="1"/></method><method name="buildFilmCompleto" desc="(Lcom/progettoids_giuseppedemarco/builder/FilmBuilder;Ljava/lang/String;Lcom/progettoids_giuseppedemarco/domain/Regista;ILcom/progettoids_giuseppedemarco/domain/Genere;ILcom/progettoids_giuseppedemarco/domain/StatoVisione;)V" line="18"><counter type="INSTRUCTION" missed="0" covered="21"/><counter type="LINE" missed="0" covered="8"/><counter type="COMPLEXITY" missed="0" covered="1"/><counter type="METHOD" missed="0" covered="1"/></method><counter type="INSTRUCTION" missed="0" covered="24"/><counter type="LINE" missed="0" covered="9"/><counter type="COMPLEXITY" missed="0" covered="2"/><counter type="METHOD" missed="0" covered="2"/><counter type="CLASS" missed="0" covered="1"/></class><sourcefile name="FilmBuilder.java"/><sourcefile name="ConcreteFilmBuilder.java"><line nr="17" mi="0" ci="2" mb="0" cb="0"/><line nr="18" mi="0" ci="2" mb="0" cb="0"/><line nr="19" mi="0" ci="1" mb="0" cb="0"/><line nr="22" mi="4" ci="0" mb="0" cb="0"/><line nr="23" mi="4" ci="0" mb="0" cb="0"/><line nr="24" mi="4" ci="0" mb="0" cb="0"/><line nr="25" mi="4" ci="0" mb="0" cb="0"/><line nr="26" mi="4" ci="0" mb="0" cb="0"/><line nr="27" mi="4" ci="0" mb="0" cb="0"/><line nr="28" mi="4" ci="0" mb="0" cb="0"/><line nr="29" mi="4" ci="0" mb="0" cb="0"/><line nr="30" mi="2" ci="0" mb="0" cb="0"/><line nr="35" mi="0" ci="3" mb="0" cb="0"/><line nr="36" mi="0" ci="3" mb="0" cb="0"/><line nr="37" mi="0" ci="3" mb="0" cb="0"/><line nr="38" mi="0" ci="3" mb="0" cb="0"/><line nr="39" mi="0" ci="3" mb="0" cb="0"/><line nr="40" mi="0" ci="3" mb="0" cb="0"/><line nr="41" mi="0" ci="3" mb="0" cb="0"/><line nr="42" mi="0" ci="1" mb="0" cb="0"/><line nr="46" mi="0" ci="3" mb="0" cb="0"/><line nr="47" mi="0" ci="1" mb="0" cb="0"/><line nr="51" mi="0" ci="3" mb="0" cb="0"/><line nr="52" mi="0" ci="1" mb="0" cb="0"/><line nr="56" mi="0" ci="3" mb="0" cb="0"/><line nr="57" mi="0" ci="1" mb="0" cb="0"/><line nr="61" mi="0" ci="3" mb="0" cb="0"/><line nr="62" mi="0" ci="1" mb="0" cb="0"/><line nr="66" mi="0" ci="3" mb="0" cb="0"/><line nr="67" mi="0" ci="1" mb="0" cb="0"/><line nr="71" mi="0" ci="3" mb="0" cb="0"/><line nr="72" mi="0" ci="1" mb="0" cb="0"/><line nr="76" mi="0" ci="3" mb="0" cb="0"/><line nr="77" mi="0" ci="1" mb="0" cb="0"/><line nr="81" mi="0" ci="7" mb="1" cb="3"/><line nr="82" mi="0" ci="5" mb="0" cb="0"/><line nr="84" mi="0" ci="3" mb="1" cb="1"/><line nr="85" mi="5" ci="0" mb="0" cb="0"/><line nr="87" mi="0" ci="3" mb="1" cb="1"/><line nr="88" mi="5" ci="0" mb="0" cb="0"/><line nr="90" mi="0" ci="8" mb="1" cb="3"/><line nr="91" mi="0" ci="5" mb="0" cb="0"/><line nr="94" mi="0" ci="4" mb="0" cb="0"/><line nr="95" mi="0" ci="2" mb="0" cb="0"/><line nr="96" mi="0" ci="3" mb="0" cb="0"/><line nr="97" mi="0" ci="2" mb="0" cb="0"/><line nr="98" mi="0" ci="2" mb="0" cb="0"/><line nr="99" mi="0" ci="2" mb="0" cb="0"/><line nr="100" mi="0" ci="2" mb="0" cb="0"/><line nr="101" mi="0" ci="2" mb="0" cb="0"/><line nr="103" mi="0" ci="2" mb="0" cb="0"/><line nr="104" mi="0" ci="2" mb="0" cb="0"/><counter type="INSTRUCTION" missed="44" covered="109"/><counter type="BRANCH" missed="4" covered="8"/><counter type="LINE" missed="11" covered="41"/><counter type="COMPLEXITY" missed="5" covered="12"/><counter type="METHOD" missed="1" covered="10"/><counter type="CLASS" missed="0" covered="1"/></sourcefile><sourcefile name="FilmDirector.java"><line nr="7" mi="0" ci="3" mb="0" cb="0"/><line nr="18" mi="0" ci="2" mb="0" cb="0"/><line nr="19" mi="0" ci="3" mb="0" cb="0"/><line nr="20" mi="0" ci="3" mb="0" cb="0"/><line nr="21" mi="0" ci="3" mb="0" cb="0"/><line nr="22" mi="0" ci="3" mb="0" cb="0"/><line nr="23" mi="0" ci="3" mb="0" cb="0"/><line nr="24" mi="0" ci="3" mb="0" cb="0"/><line nr="25" mi="0" ci="1" mb="0" cb="0"/><counter type="INSTRUCTION" missed="0" covered="24"/><counter type="LINE" missed="0" covered="9"/><counter type="COMPLEXITY" missed="0" covered="2"/><counter type="METHOD" missed="0" covered="2"/><counter type="CLASS" missed="0" covered="1"/></sourcefile><counter type="INSTRUCTION" missed="44" covered="133"/><counter type="BRANCH" missed="4" covered="8"/><counter type="LINE" missed="11" covered="50"/><counter type="COMPLEXITY" missed="5" covered="14"/><counter type="METHOD" missed="1" covered="12"/><counter type="CLASS" missed="0" covered="2"/></package><package name="com/progettoids_giuseppedemarco/strategy"><class name="com/progettoids_giuseppedemarco/strategy/FilmSortStrategy" sourcefilename="FilmSortStrategy.java"/><class name="com/progettoids_giuseppedemarco/strategy/SortByValutazioneStrategy" sourcefilename="SortByValutazioneStrategy.java"><method name="&lt;init&gt;" desc="()V" line="9"><counter type="INSTRUCTION" missed="0" covered="3"/><counter type="LINE" missed="0" covered="1"/><counter type="COMPLEXITY" missed="0" covered="1"/><counter type="METHOD" missed="0" covered="1"/></method><method name="doAlgorithm" desc="(Ljava/util/List;)Ljava/util/List;" line="12"><counter type="INSTRUCTION" missed="0" covered="10"/><counter type="LINE" missed="0" covered="3"/><counter type="COMPLEXITY" missed="0" covered="1"/><counter type="METHOD" missed="0" covered="1"/></method><counter type="INSTRUCTION" missed="0" covered="13"/><counter type="LINE" missed="0" covered="4"/><counter type="COMPLEXITY" missed="0" covered="2"/><counter type="METHOD" missed="0" covered="2"/><counter type="CLASS" missed="0" covered="1"/></class><class name="com/progettoids_giuseppedemarco/strategy/SortByTitoloStrategy" sourcefilename="SortByTitoloStrategy.java"><method name="&lt;init&gt;" desc="()V" line="9"><counter type="INSTRUCTION" missed="0" covered="3"/><counter type="LINE" missed="0" covered="1"/><counter type="COMPLEXITY" missed="0" covered="1"/><counter type="METHOD" missed="0" covered="1"/></method><method name="doAlgorithm" desc="(Ljava/util/List;)Ljava/util/List;" line="12"><counter type="INSTRUCTION" missed="0" covered="10"/><counter type="LINE" missed="0" covered="3"/><counter type="COMPLEXITY" missed="0" covered="1"/><counter type="METHOD" missed="0" covered="1"/></method><counter type="INSTRUCTION" missed="0" covered="13"/><counter type="LINE" missed="0" covered="4"/><counter type="COMPLEXITY" missed="0" covered="2"/><counter type="METHOD" missed="0" covered="2"/><counter type="CLASS" missed="0" covered="1"/></class><class name="com/progettoids_giuseppedemarco/strategy/SortByAnnoStrategy" sourcefilename="SortByAnnoStrategy.java"><method name="&lt;init&gt;" desc="()V" line="9"><counter type="INSTRUCTION" missed="0" covered="3"/><counter type="LINE" missed="0" covered="1"/><counter type="COMPLEXITY" missed="0" covered="1"/><counter type="METHOD" missed="0" covered="1"/></method><method name="doAlgorithm" desc="(Ljava/util/List;)Ljava/util/List;" line="12"><counter type="INSTRUCTION" missed="0" covered="9"/><counter type="LINE" missed="0" covered="3"/><counter type="COMPLEXITY" missed="0" covered="1"/><counter type="METHOD" missed="0" covered="1"/></method><counter type="INSTRUCTION" missed="0" covered="12"/><counter type="LINE" missed="0" covered="4"/><counter type="COMPLEXITY" missed="0" covered="2"/><counter type="METHOD" missed="0" covered="2"/><counter type="CLASS" missed="0" covered="1"/></class><class name="com/progettoids_giuseppedemarco/strategy/SortByRegistaStrategy" sourcefilename="SortByRegistaStrategy.java"><method name="&lt;init&gt;" desc="()V" line="9"><counter type="INSTRUCTION" missed="0" covered="3"/><counter type="LINE" missed="0" covered="1"/><counter type="COMPLEXITY" missed="0" covered="1"/><counter type="METHOD" missed="0" covered="1"/></method><method name="doAlgorithm" desc="(Ljava/util/List;)Ljava/util/List;" line="12"><counter type="INSTRUCTION" missed="0" covered="13"/><counter type="LINE" missed="0" covered="5"/><counter type="COMPLEXITY" missed="0" covered="1"/><counter type="METHOD" missed="0" covered="1"/></method><method name="lambda$0" desc="(Lcom/progettoids_giuseppedemarco/domain/Film;)Ljava/lang/String;" line="14"><counter type="INSTRUCTION" missed="0" covered="4"/><counter type="LINE" missed="0" covered="1"/><counter type="COMPLEXITY" missed="0" covered="1"/><counter type="METHOD" missed="0" covered="1"/></method><counter type="INSTRUCTION" missed="0" covered="20"/><counter type="LINE" missed="0" covered="6"/><counter type="COMPLEXITY" missed="0" covered="3"/><counter type="METHOD" missed="0" covered="3"/><counter type="CLASS" missed="0" covered="1"/></class><class name="com/progettoids_giuseppedemarco/strategy/FilmSortContext" sourcefilename="FilmSortContext.java"><method name="&lt;init&gt;" desc="(Lcom/progettoids_giuseppedemarco/strategy/FilmSortStrategy;)V" line="10"><counter type="INSTRUCTION" missed="0" covered="6"/><counter type="LINE" missed="0" covered="3"/><counter type="COMPLEXITY" missed="0" covered="1"/><counter type="METHOD" missed="0" covered="1"/></method><method name="setStrategy" desc="(Lcom/progettoids_giuseppedemarco/strategy/FilmSortStrategy;)V" line="15"><counter type="INSTRUCTION" missed="0" covered="4"/><counter type="LINE" missed="0" covered="2"/><counter type="COMPLEXITY" missed="0" covered="1"/><counter type="METHOD" missed="0" covered="1"/></method><method name="executeStrategy" desc="(Ljava/util/List;)Ljava/util/List;" line="19"><counter type="INSTRUCTION" missed="0" covered="5"/><counter type="LINE" missed="0" covered="1"/><counter type="COMPLEXITY" missed="0" covered="1"/><counter type="METHOD" missed="0" covered="1"/></method><counter type="INSTRUCTION" missed="0" covered="15"/><counter type="LINE" missed="0" covered="6"/><counter type="COMPLEXITY" missed="0" covered="3"/><counter type="METHOD" missed="0" covered="3"/><counter type="CLASS" missed="0" covered="1"/></class><class name="com/progettoids_giuseppedemarco/strategy/SortByStatoVisioneStrategy" sourcefilename="SortByStatoVisioneStrategy.java"><method name="&lt;clinit&gt;" desc="()V" line="12"><counter type="INSTRUCTION" missed="0" covered="12"/><counter type="LINE" missed="0" covered="5"/><counter type="COMPLEXITY" missed="0" covered="1"/><counter type="METHOD" missed="0" covered="1"/></method><method name="&lt;init&gt;" desc="()V" line="11"><counter type="INSTRUCTION" missed="0" covered="3"/><counter type="LINE" missed="0" covered="1"/><counter type="COMPLEXITY" missed="0" covered="1"/><counter type="METHOD" missed="0" covered="1"/></method><method name="doAlgorithm" desc="(Ljava/util/List;)Ljava/util/List;" line="20"><counter type="INSTRUCTION" missed="0" covered="12"/><counter type="LINE" missed="0" covered="5"/><counter type="COMPLEXITY" missed="0" covered="1"/><counter type="METHOD" missed="0" covered="1"/></method><method name="lambda$0" desc="(Lcom/progettoids_giuseppedemarco/domain/Film;)I" line="22"><counter type="INSTRUCTION" missed="0" covered="9"/><counter type="LINE" missed="0" covered="1"/><counter type="COMPLEXITY" missed="0" covered="1"/><counter type="METHOD" missed="0" covered="1"/></method><counter type="INSTRUCTION" missed="0" covered="36"/><counter type="LINE" missed="0" covered="11"/><counter type="COMPLEXITY" missed="0" covered="4"/><counter type="METHOD" missed="0" covered="4"/><counter type="CLASS" missed="0" covered="1"/></class><sourcefile name="FilmSortStrategy.java"/><sourcefile name="SortByRegistaStrategy.java"><line nr="9" mi="0" ci="3" mb="0" cb="0"/><line nr="12" mi="0" ci="3" mb="0" cb="0"/><line nr="13" mi="0" ci="1" mb="0" cb="0"/><line nr="14" mi="0" ci="7" mb="0" cb="0"/><line nr="15" mi="0" ci="3" mb="0" cb="0"/><line nr="16" mi="0" ci="3" mb="0" cb="0"/><counter type="INSTRUCTION" missed="0" covered="20"/><counter type="LINE" missed="0" covered="6"/><counter type="COMPLEXITY" missed="0" covered="3"/><counter type="METHOD" missed="0" covered="3"/><counter type="CLASS" missed="0" covered="1"/></sourcefile><sourcefile name="SortByTitoloStrategy.java"><line nr="9" mi="0" ci="3" mb="0" cb="0"/><line nr="12" mi="0" ci="3" mb="0" cb="0"/><line nr="13" mi="0" ci="4" mb="0" cb="0"/><line nr="14" mi="0" ci="3" mb="0" cb="0"/><counter type="INSTRUCTION" missed="0" covered="13"/><counter type="LINE" missed="0" covered="4"/><counter type="COMPLEXITY" missed="0" covered="2"/><counter type="METHOD" missed="0" covered="2"/><counter type="CLASS" missed="0" covered="1"/></sourcefile><sourcefile name="SortByAnnoStrategy.java"><line nr="9" mi="0" ci="3" mb="0" cb="0"/><line nr="12" mi="0" ci="3" mb="0" cb="0"/><line nr="13" mi="0" ci="3" mb="0" cb="0"/><line nr="14" mi="0" ci="3" mb="0" cb="0"/><counter type="INSTRUCTION" missed="0" covered="12"/><counter type="LINE" missed="0" covered="4"/><counter type="COMPLEXITY" missed="0" covered="2"/><counter type="METHOD" missed="0" covered="2"/><counter type="CLASS" missed="0" covered="1"/></sourcefile><sourcefile name="SortByStatoVisioneStrategy.java"><line nr="11" mi="0" ci="3" mb="0" cb="0"/><line nr="12" mi="0" ci="2" mb="0" cb="0"/><line nr="13" mi="0" ci="3" mb="0" cb="0"/><line nr="14" mi="0" ci="3" mb="0" cb="0"/><line nr="15" mi="0" ci="3" mb="0" cb="0"/><line nr="16" mi="0" ci="1" mb="0" cb="0"/><line nr="20" mi="0" ci="3" mb="0" cb="0"/><line nr="21" mi="0" ci="1" mb="0" cb="0"/><line nr="22" mi="0" ci="11" mb="0" cb="0"/><line nr="23" mi="0" ci="3" mb="0" cb="0"/><line nr="24" mi="0" ci="3" mb="0" cb="0"/><counter type="INSTRUCTION" missed="0" covered="36"/><counter type="LINE" missed="0" covered="11"/><counter type="COMPLEXITY" missed="0" covered="4"/><counter type="METHOD" missed="0" covered="4"/><counter type="CLASS" missed="0" covered="1"/></sourcefile><sourcefile name="FilmSortContext.java"><line nr="10" mi="0" ci="2" mb="0" cb="0"/><line nr="11" mi="0" ci="3" mb="0" cb="0"/><line nr="12" mi="0" ci="1" mb="0" cb="0"/><line nr="15" mi="0" ci="3" mb="0" cb="0"/><line nr="16" mi="0" ci="1" mb="0" cb="0"/><line nr="19" mi="0" ci="5" mb="0" cb="0"/><counter type="INSTRUCTION" missed="0" covered="15"/><counter type="LINE" missed="0" covered="6"/><counter type="COMPLEXITY" missed="0" covered="3"/><counter type="METHOD" missed="0" covered="3"/><counter type="CLASS" missed="0" covered="1"/></sourcefile><sourcefile name="SortByValutazioneStrategy.java"><line nr="9" mi="0" ci="3" mb="0" cb="0"/><line nr="12" mi="0" ci="3" mb="0" cb="0"/><line nr="13" mi="0" ci="4" mb="0" cb="0"/><line nr="14" mi="0" ci="3" mb="0" cb="0"/><counter type="INSTRUCTION" missed="0" covered="13"/><counter type="LINE" missed="0" covered="4"/><counter type="COMPLEXITY" missed="0" covered="2"/><counter type="METHOD" missed="0" covered="2"/><counter type="CLASS" missed="0" covered="1"/></sourcefile><counter type="INSTRUCTION" missed="0" covered="109"/><counter type="LINE" missed="0" covered="35"/><counter type="COMPLEXITY" missed="0" covered="16"/><counter type="METHOD" missed="0" covered="16"/><counter type="CLASS" missed="0" covered="6"/></package><package name="com/progettoids_giuseppedemarco/infrastructure"><class name="com/progettoids_giuseppedemarco/infrastructure/NoteFilmStorage" sourcefilename="NoteFilmStorage.java"><method name="&lt;init&gt;" desc="()V" line="16"><counter type="INSTRUCTION" missed="0" covered="3"/><counter type="LINE" missed="0" covered="1"/><counter type="COMPLEXITY" missed="0" covered="1"/><counter type="METHOD" missed="0" covered="1"/></method><method name="load" desc="(Ljava/nio/file/Path;)Ljava/util/List;" line="20"><counter type="INSTRUCTION" missed="0" covered="103"/><counter type="BRANCH" missed="2" covered="8"/><counter type="LINE" missed="0" covered="18"/><counter type="COMPLEXITY" missed="2" covered="4"/><counter type="METHOD" missed="0" covered="1"/></method><method name="save" desc="(Ljava/nio/file/Path;Ljava/util/List;)V" line="49"><coun
[...]
 missed="0" covered="1"/><counter type="COMPLEXITY" missed="0" covered="1"/><counter type="METHOD" missed="0" covered="1"/></method><method name="getTitolo" desc="()Ljava/lang/String;" line="35"><counter type="INSTRUCTION" missed="0" covered="3"/><counter type="LINE" missed="0" covered="1"/><counter type="COMPLEXITY" missed="0" covered="1"/><counter type="METHOD" missed="0" covered="1"/></method><method name="getRegista" desc="()Lcom/progettoids_giuseppedemarco/domain/Regista;" line="39"><counter type="INSTRUCTION" missed="0" covered="3"/><counter type="LINE" missed="0" covered="1"/><counter type="COMPLEXITY" missed="0" covered="1"/><counter type="METHOD" missed="0" covered="1"/></method><method name="getAnnoDiUscita" desc="()I" line="43"><counter type="INSTRUCTION" missed="0" covered="3"/><counter type="LINE" missed="0" covered="1"/><counter type="COMPLEXITY" missed="0" covered="1"/><counter type="METHOD" missed="0" covered="1"/></method><method name="getGenere" desc="()Lcom/progettoids_giuseppedemarco/domain/Genere;" line="47"><counter type="INSTRUCTION" missed="0" covered="3"/><counter type="LINE" missed="0" covered="1"/><counter type="COMPLEXITY" missed="0" covered="1"/><counter type="METHOD" missed="0" covered="1"/></method><method name="getValutazionePersonale" desc="()I" line="51"><counter type="INSTRUCTION" missed="0" covered="3"/><counter type="LINE" missed="0" covered="1"/><counter type="COMPLEXITY" missed="0" covered="1"/><counter type="METHOD" missed="0" covered="1"/></method><method name="getStatoVisione" desc="()Lcom/progettoids_giuseppedemarco/domain/StatoVisione;" line="55"><counter type="INSTRUCTION" missed="0" covered="3"/><counter type="LINE" missed="0" covered="1"/><counter type="COMPLEXITY" missed="0" covered="1"/><counter type="METHOD" missed="0" covered="1"/></method><method name="withId" desc="(I)Lcom/progettoids_giuseppedemarco/domain/Film;" line="59"><counter type="INSTRUCTION" missed="0" covered="18"/><counter type="LINE" missed="0" covered="8"/><counter type="COMPLEXITY" missed="0" covered="1"/><counter type="METHOD" missed="0" covered="1"/></method><counter type="INSTRUCTION" missed="0" covered="63"/><counter type="LINE" missed="0" covered="24"/><counter type="COMPLEXITY" missed="0" covered="9"/><counter type="METHOD" missed="0" covered="9"/><counter type="CLASS" missed="0" covered="1"/></class><class name="com/progettoids_giuseppedemarco/domain/StatoVisione" sourcefilename="StatoVisione.java"><method name="&lt;clinit&gt;" desc="()V" line="3"><counter type="INSTRUCTION" missed="0" covered="34"/><counter type="LINE" missed="0" covered="4"/><counter type="COMPLEXITY" missed="0" covered="1"/><counter type="METHOD" missed="0" covered="1"/></method><counter type="INSTRUCTION" missed="0" covered="34"/><counter type="LINE" missed="0" covered="4"/><counter type="COMPLEXITY" missed="0" covered="1"/><counter type="METHOD" missed="0" covered="1"/><counter type="CLASS" missed="0" covered="1"/></class><class name="com/progettoids_giuseppedemarco/domain/Regista" sourcefilename="Regista.java"><method name="&lt;init&gt;" desc="(Ljava/lang/Integer;Ljava/lang/String;Ljava/lang/String;)V" line="10"><counter type="INSTRUCTION" missed="0" covered="12"/><counter type="LINE" missed="0" covered="5"/><counter type="COMPLEXITY" missed="0" covered="1"/><counter type="METHOD" missed="0" covered="1"/></method><method name="getId" desc="()Ljava/lang/Integer;" line="17"><counter type="INSTRUCTION" missed="3" covered="0"/><counter type="LINE" missed="1" covered="0"/><counter type="COMPLEXITY" missed="1" covered="0"/><counter type="METHOD" missed="1" covered="0"/></method><method name="getNome" desc="()Ljava/lang/String;" line="21"><counter type="INSTRUCTION" missed="0" covered="3"/><counter type="LINE" missed="0" covered="1"/><counter type="COMPLEXITY" missed="0" covered="1"/><counter type="METHOD" missed="0" covered="1"/></method><method name="getCognome" desc="()Ljava/lang/String;" line="25"><counter type="INSTRUCTION" missed="0" covered="3"/><counter type="LINE" missed="0" covered="1"/><counter type="COMPLEXITY" missed="0" covered="1"/><counter type="METHOD" missed="0" covered="1"/></method><method name="getNomeCompleto" desc="()Ljava/lang/String;" line="29"><counter type="INSTRUCTION" missed="2" covered="10"/><counter type="BRANCH" missed="1" covered="1"/><counter type="LINE" missed="0" covered="1"/><counter type="COMPLEXITY" missed="1" covered="1"/><counter type="METHOD" missed="0" covered="1"/></method><method name="withId" desc="(I)Lcom/progettoids_giuseppedemarco/domain/Regista;" line="33"><counter type="INSTRUCTION" missed="10" covered="0"/><counter type="LINE" missed="1" covered="0"/><counter type="COMPLEXITY" missed="1" covered="0"/><counter type="METHOD" missed="1" covered="0"/></method><method name="equals" desc="(Ljava/lang/Object;)Z" line="38"><counter type="INSTRUCTION" missed="15" covered="5"/><counter type="BRANCH" missed="3" covered="1"/><counter type="LINE" missed="3" covered="2"/><counter type="COMPLEXITY" missed="2" covered="1"/><counter type="METHOD" missed="0" covered="1"/></method><method name="hashCode" desc="()I" line="49"><counter type="INSTRUCTION" missed="9" covered="0"/><counter type="LINE" missed="1" covered="0"/><counter type="COMPLEXITY" missed="1" covered="0"/><counter type="METHOD" missed="1" covered="0"/></method><counter type="INSTRUCTION" missed="39" covered="33"/><counter type="BRANCH" missed="4" covered="2"/><counter type="LINE" missed="6" covered="10"/><counter type="COMPLEXITY" missed="6" covered="5"/><counter type="METHOD" missed="3" covered="5"/><counter type="CLASS" missed="0" covered="1"/></class><class name="com/progettoids_giuseppedemarco/domain/Genere" sourcefilename="Genere.java"><method name="&lt;init&gt;" desc="(Ljava/lang/Integer;Ljava/lang/String;)V" line="9"><counter type="INSTRUCTION" missed="0" covered="9"/><counter type="LINE" missed="0" covered="4"/><counter type="COMPLEXITY" missed="0" covered="1"/><counter type="METHOD" missed="0" covered="1"/></method><method name="getId" desc="()Ljava/lang/Integer;" line="15"><counter type="INSTRUCTION" missed="3" covered="0"/><counter type="LINE" missed="1" covered="0"/><counter type="COMPLEXITY" missed="1" covered="0"/><counter type="METHOD" missed="1" covered="0"/></method><method name="getNome" desc="()Ljava/lang/String;" line="19"><counter type="INSTRUCTION" missed="0" covered="3"/><counter type="LINE" missed="0" covered="1"/><counter type="COMPLEXITY" missed="0" covered="1"/><counter type="METHOD" missed="0" covered="1"/></method><method name="withId" desc="(I)Lcom/progettoids_giuseppedemarco/domain/Genere;" line="23"><counter type="INSTRUCTION" missed="8" covered="0"/><counter type="LINE" missed="1" covered="0"/><counter type="COMPLEXITY" missed="1" covered="0"/><counter type="METHOD" missed="1" covered="0"/></method><method name="equals" desc="(Ljava/lang/Object;)Z" line="28"><counter type="INSTRUCTION" missed="15" covered="5"/><counter type="BRANCH" missed="3" covered="1"/><counter type="LINE" missed="3" covered="2"/><counter type="COMPLEXITY" missed="2" covered="1"/><counter type="METHOD" missed="0" covered="1"/></method><method name="hashCode" desc="()I" line="39"><counter type="INSTRUCTION" missed="9" covered="0"/><counter type="LINE" missed="1" covered="0"/><counter type="COMPLEXITY" missed="1" covered="0"/><counter type="METHOD" missed="1" covered="0"/></method><counter type="INSTRUCTION" missed="35" covered="17"/><counter type="BRANCH" missed="3" covered="1"/><counter type="LINE" missed="6" covered="7"/><counter type="COMPLEXITY" missed="5" covered="3"/><counter type="METHOD" missed="3" covered="3"/><counter type="CLASS" missed="0" covered="1"/></class><sourcefile name="StatoVisione.java"><line nr="3" mi="0" ci="16" mb="0" cb="0"/><line nr="4" mi="0" ci="6" mb="0" cb="0"/><line nr="5" mi="0" ci="6" mb="0" cb="0"/><line nr="6" mi="0" ci="6" mb="0" cb="0"/><counter type="INSTRUCTION" missed="0" covered="34"/><counter type="LINE" missed="0" covered="4"/><counter type="COMPLEXITY" missed="0" covered="1"/><counter type="METHOD" missed="0" covered="1"/><counter type="CLASS" missed="0" covered="1"/></sourcefile><sourcefile name="Film.java"><line nr="12" mi="0" ci="2" mb="0" cb="0"/><line nr="21" mi="0" ci="3" mb="0" cb="0"/><line nr="22" mi="0" ci="3" mb="0" cb="0"/><line nr="23" mi="0" ci="3" mb="0" cb="0"/><line nr="24" mi="0" ci="3" mb="0" cb="0"/><line nr="25" mi="0" ci="3" mb="0" cb="0"/><line nr="26" mi="0" ci="3" mb="0" cb="0"/><line nr="27" mi="0" ci="3" mb="0" cb="0"/><line nr="28" mi="0" ci="1" mb="0" cb="0"/><line nr="31" mi="0" ci="3" mb="0" cb="0"/><line nr="35" mi="0" ci="3" mb="0" cb="0"/><line nr="39" mi="0" ci="3" mb="0" cb="0"/><line nr="43" mi="0" ci="3" mb="0" cb="0"/><line nr="47" mi="0" ci="3" mb="0" cb="0"/><line nr="51" mi="0" ci="3" mb="0" cb="0"/><line nr="55" mi="0" ci="3" mb="0" cb="0"/><line nr="59" mi="0" ci="4" mb="0" cb="0"/><line nr="60" mi="0" ci="2" mb="0" cb="0"/><line nr="61" mi="0" ci="2" mb="0" cb="0"/><line nr="62" mi="0" ci="2" mb="0" cb="0"/><line nr="63" mi="0" ci="2" mb="0" cb="0"/><line nr="64" mi="0" ci="2" mb="0" cb="0"/><line nr="65" mi="0" ci="2" mb="0" cb="0"/><line nr="66" mi="0" ci="2" mb="0" cb="0"/><counter type="INSTRUCTION" missed="0" covered="63"/><counter type="LINE" missed="0" covered="24"/><counter type="COMPLEXITY" missed="0" covered="9"/><counter type="METHOD" missed="0" covered="9"/><counter type="CLASS" missed="0" covered="1"/></sourcefile><sourcefile name="Regista.java"><line nr="10" mi="0" ci="2" mb="0" cb="0"/><line nr="11" mi="0" ci="3" mb="0" cb="0"/><line nr="12" mi="0" ci="3" mb="0" cb="0"/><line nr="13" mi="0" ci="3" mb="0" cb="0"/><line nr="14" mi="0" ci="1" mb="0" cb="0"/><line nr="17" mi="3" ci="0" mb="0" cb="0"/><line nr="21" mi="0" ci="3" mb="0" cb="0"/><line nr="25" mi="0" ci="3" mb="0" cb="0"/><line nr="29" mi="2" ci="10" mb="1" cb="1"/><line nr="33" mi="10" ci="0" mb="0" cb="0"/><line nr="38" mi="0" ci="3" mb="1" cb="1"/><line nr="39" mi="0" ci="2" mb="0" cb="0"/><line nr="41" mi="7" ci="0" mb="2" cb="0"/><line nr="42" mi="2" ci="0" mb="0" cb="0"/><line nr="44" mi="6" ci="0" mb="0" cb="0"/><line nr="49" mi="9" ci="0" mb="0" cb="0"/><counter type="INSTRUCTION" missed="39" covered="33"/><counter type="BRANCH" missed="4" covered="2"/><counter type="LINE" missed="6" covered="10"/><counter type="COMPLEXITY" missed="6" covered="5"/><counter type="METHOD" missed="3" covered="5"/><counter type="CLASS" missed="0" covered="1"/></sourcefile><sourcefile name="Genere.java"><line nr="9" mi="0" ci="2" mb="0" cb="0"/><line nr="10" mi="0" ci="3" mb="0" cb="0"/><line nr="11" mi="0" ci="3" mb="0" cb="0"/><line nr="12" mi="0" ci="1" mb="0" cb="0"/><line nr="15" mi="3" ci="0" mb="0" cb="0"/><line nr="19" mi="0" ci="3" mb="0" cb="0"/><line nr="23" mi="8" ci="0" mb="0" cb="0"/><line nr="28" mi="0" ci="3" mb="1" cb="1"/><line nr="29" mi="0" ci="2" mb="0" cb="0"/><line nr="31" mi="7" ci="0" mb="2" cb="0"/><line nr="32" mi="2" ci="0" mb="0" cb="0"/><line nr="34" mi="6" ci="0" mb="0" cb="0"/><line nr="39" mi="9" ci="0" mb="0" cb="0"/><counter type="INSTRUCTION" missed="35" covered="17"/><counter type="BRANCH" missed="3" covered="1"/><counter type="LINE" missed="6" covered="7"/><counter type="COMPLEXITY" missed="5" covered="3"/><counter type="METHOD" missed="3" covered="3"/><counter type="CLASS" missed="0" covered="1"/></sourcefile><counter type="INSTRUCTION" missed="74" covered="147"/><counter type="BRANCH" missed="7" covered="3"/><counter type="LINE" missed="12" covered="45"/><counter type="COMPLEXITY" missed="11" covered="18"/><counter type="METHOD" missed="6" covered="18"/><counter type="CLASS" missed="0" covered="4"/></package><package name="com/progettoids_giuseppedemarco/service"><class name="com/progettoids_giuseppedemarco/service/FilmLibraryService" sourcefilename="FilmLibraryService.java"><method name="&lt;init&gt;" desc="(Lcom/progettoids_giuseppedemarco/repository/FilmRepository;)V" line="15"><counter type="INSTRUCTION" missed="0" covered="6"/><counter type="LINE" missed="0" covered="3"/><counter type="COMPLEXITY" missed="0" covered="1"/><counter type="METHOD" missed="0" covered="1"/></method><method name="aggiungiFilm" desc="(Lcom/progettoids_giuseppedemarco/builder/FilmBuilder;)Lcom/progettoids_giuseppedemarco/domain/Film;" line="20"><counter type="INSTRUCTION" missed="0" covered="9"/><counter type="LINE" missed="0" covered="2"/><counter type="COMPLEXITY" missed="0" covered="1"/><counter type="METHOD" missed="0" covered="1"/></method><method name="aggiornaFilm" desc="(ILcom/progettoids_giuseppedemarco/builder/FilmBuilder;)Lcom/progettoids_giuseppedemarco/domain/Film;" line="25"><counter type="INSTRUCTION" missed="0" covered="22"/><counter type="LINE" missed="0" covered="4"/><counter type="COMPLEXITY" missed="0" covered="1"/><counter type="METHOD" missed="0" covered="1"/></method><method name="rimuoviFilm" desc="(I)V" line="32"><counter type="INSTRUCTION" missed="0" covered="6"/><counter type="LINE" missed="0" covered="2"/><counter type="COMPLEXITY" missed="0" covered="1"/><counter type="METHOD" missed="0" covered="1"/></method><method name="listaFilm" desc="()Ljava/util/List;" line="36"><counter type="INSTRUCTION" missed="0" covered="4"/><counter type="LINE" missed="0" covered="1"/><counter type="COMPLEXITY" missed="0" covered="1"/><counter type="METHOD" missed="0" covered="1"/></method><method name="trovaFilmPerId" desc="(I)Lcom/progettoids_giuseppedemarco/domain/Film;" line="40"><counter type="INSTRUCTION" missed="0" covered="10"/><counter type="LINE" missed="0" covered="2"/><counter type="COMPLEXITY" missed="0" covered="1"/><counter type="METHOD" missed="0" covered="1"/></method><method name="ordina" desc="(Lcom/progettoids_giuseppedemarco/strategy/FilmSortStrategy;)Ljava/util/List;" line="45"><counter type="INSTRUCTION" missed="0" covered="11"/><counter type="LINE" missed="0" covered="2"/><counter type="COMPLEXITY" missed="0" covered="1"/><counter type="METHOD" missed="0" covered="1"/></method><method name="lambda$0" desc="(I)Ljava/util/NoSuchElementException;" line="25"><counter type="INSTRUCTION" missed="0" covered="6"/><counter type="LINE" missed="0" covered="1"/><counter type="COMPLEXITY" missed="0" covered="1"/><counter type="METHOD" missed="0" covered="1"/></method><method name="lambda$1" desc="(I)Ljava/util/NoSuchElementException;" line="41"><counter type="INSTRUCTION" missed="0" covered="6"/><counter type="LINE" missed="0" covered="1"/><counter type="COMPLEXITY" missed="0" covered="1"/><counter type="METHOD" missed="0" covered="1"/></method><counter type="INSTRUCTION" missed="0" covered="80"/><counter type="LINE" missed="0" covered="16"/><counter type="COMPLEXITY" missed="0" covered="9"/><counter type="METHOD" missed="0" covered="9"/><counter type="CLASS" missed="0" covered="1"/></class><sourcefile name="FilmLibraryService.java"><line nr="15" mi="0" ci="2" mb="0" cb="0"/><line nr="16" mi="0" ci="3" mb="0" cb="0"/><line nr="17" mi="0" ci="1" mb="0" cb="0"/><line nr="20" mi="0" ci="3" mb="0" cb="0"/><line nr="21" mi="0" ci="6" mb="0" cb="0"/><line nr="25" mi="0" ci="15" mb="0" cb="0"/><line nr="26" mi="0" ci="4" mb="0" cb="0"/><line nr="27" mi="0" ci="3" mb="0" cb="0"/><line nr="28" mi="0" ci="6" mb="0" cb="0"/><line nr="32" mi="0" ci="5" mb="0" cb="0"/><line nr="33" mi="0" ci="1" mb="0" cb="0"/><line nr="36" mi="0" ci="4" mb="0" cb="0"/><line nr="40" mi="0" ci="6" mb="0" cb="0"/><line nr="41" mi="0" ci="10" mb="0" cb="0"/><line nr="45" mi="0" ci="5" mb="0" cb="0"/><line nr="46" mi="0" ci="6" mb="0" cb="0"/><counter type="INSTRUCTION" missed="0" covered="80"/><counter type="LINE" missed="0" covered="16"/><counter type="COMPLEXITY" missed="0" covered="9"/><counter type="METHOD" missed="0" covered="9"/><counter type="CLASS" missed="0" covered="1"/></sourcefile><counter type="INSTRUCTION" missed="0" covered="80"/><counter type="LINE" missed="0" covered="16"/><counter type="COMPLEXITY" missed="0" covered="9"/><counter type="METHOD" missed="0" covered="9"/><counter type="CLASS" missed="0" covered="1"/></package><package name="com/progettoids_giuseppedemarco/repository/inmemory"><class name="com/progettoids_giuseppedemarco/repository/inmemory/InMemoryFilmRepository" sourcefilename="InMemoryFilmRepository.java"><method name="&lt;init&gt;" desc="()V" line="13"><counter type="INSTRUCTION" missed="0" covered="14"/><counter type="LINE" missed="0" covered="3"/><counter type="COMPLEXITY" missed="0" covered="1"/><counter type="METHOD" missed="0" covered="1"/></method><method name="save" desc="(Lcom/progettoids_giuseppedemarco/domain/Film;)Lcom/progettoids_giuseppedemarco/domain/Film;" line="19"><counter type="INSTRUCTION" missed="0" covered="39"/><counter type="BRANCH" missed="1" covered="3"/><counter type="LINE" missed="0" covered="10"/><counter type="COMPLEXITY" missed="1" covered="2"/><counter type="METHOD" missed="0" covered="1"/></method><method name="findById" desc="(Ljava/lang/Integer;)Ljava/util/Optional;" line="36"><counter type="INSTRUCTION" missed="0" covered="7"/><counter type="LINE" missed="0" covered="1"/><counter type="COMPLEXITY" missed="0" covered="1"/><counter type="METHOD" missed="0" covered="1"/></method><method name="findAll" desc="()Ljava/util/List;" line="41"><counter type="INSTRUCTION" missed="0" covered="7"/><counter type="LINE" missed="0" covered="1"/><counter type="COMPLEXITY" missed="0" covered="1"/><counter type="METHOD" missed="0" covered="1"/></method><method name="deleteById" desc="(Ljava/lang/Integer;)V" line="46"><counter type="INSTRUCTION" missed="0" covered="6"/><counter type="LINE" missed="0" covered="2"/><counter type="COMPLEXITY" missed="0" covered="1"/><counter type="METHOD" missed="0" covered="1"/></method><method name="lambda$0" desc="(II)I" line="27"><counter type="INSTRUCTION" missed="0" covered="4"/><counter type="LINE" missed="0" covered="1"/><counter type="COMPLEXITY" missed="0" covered="1"/><counter type="METHOD" missed="0" covered="1"/></method><counter type="INSTRUCTION" missed="0" covered="77"/><counter type="BRANCH" missed="1" covered="3"/><counter type="LINE" missed="0" covered="17"/><counter type="COMPLEXITY" missed="1" covered="7"/><counter type="METHOD" missed="0" covered="6"/><counter type="CLASS" missed="0" covered="1"/></class><sourcefile name="InMemoryFilmRepository.java"><line nr="13" mi="0" ci="3" mb="0" cb="0"/><line nr="14" mi="0" ci="5" mb="0" cb="0"/><line nr="15" mi="0" ci="6" mb="0" cb="0"/><line nr="19" mi="0" ci="3" mb="0" cb="0"/><line nr="20" mi="0" ci="2" mb="0" cb="0"/><line nr="22" mi="0" ci="5" mb="1" cb="3"/><line nr="23" mi="0" ci="6" mb="0" cb="0"/><line nr="24" mi="0" ci="3" mb="0" cb="0"/><line nr="25" mi="0" ci="1" mb="0" cb="0"/><line nr="26" mi="0" ci="5" mb="0" cb="0"/><line nr="27" mi="0" ci="10" mb="0" cb="0"/><line nr="30" mi="0" ci="6" mb="0" cb="0"/><line nr="31" mi="0" ci="2" mb="0" cb="0"/><line nr="36" mi="0" ci="7" mb="0" cb="0"/><line nr="41" mi="0" ci="7" mb="0" cb="0"/><line nr="46" mi="0" ci="5" mb="0" cb="0"/><line nr="47" mi="0" ci="1" mb="0" cb="0"/><counter type="INSTRUCTION" missed="0" covered="77"/><counter type="BRANCH" missed="1" covered="3"/><counter type="LINE" missed="0" covered="17"/><counter type="COMPLEXITY" missed="1" covered="7"/><counter type="METHOD" missed="0" covered="6"/><counter type="CLASS" missed="0" covered="1"/></sourcefile><counter type="INSTRUCTION" missed="0" covered="77"/><counter type="BRANCH" missed="1" covered="3"/><counter type="LINE" missed="0" covered="17"/><counter type="COMPLEXITY" missed="1" covered="7"/><counter type="METHOD" missed="0" covered="6"/><counter type="CLASS" missed="0" covered="1"/></package><counter type="INSTRUCTION" missed="2377" covered="1276"/><counter type="BRANCH" missed="128" covered="62"/><counter type="LINE" missed="529" covered="308"/><counter type="COMPLEXITY" missed="137" covered="119"/><counter type="METHOD" missed="63" covered="98"/><counter type="CLASS" missed="5" covered="30"/></report>